{"C:\\Users\\malpr\\OneDrive\\Documents\\CPSC-270-Project\\App.js": {"path":"C:\\Users\\malpr\\OneDrive\\Documents\\CPSC-270-Project\\App.js","statementMap":{"0":{"start":{"line":9,"column":2},"end":{"line":14,"column":4}}},"fnMap":{"0":{"name":"App","decl":{"start":{"line":8,"column":24},"end":{"line":8,"column":27}},"loc":{"start":{"line":8,"column":30},"end":{"line":15,"column":1}},"line":8}},"branchMap":{},"s":{"0":0},"f":{"0":0},"b":{}}
,"C:\\Users\\malpr\\OneDrive\\Documents\\CPSC-270-Project\\metro.config.js": {"path":"C:\\Users\\malpr\\OneDrive\\Documents\\CPSC-270-Project\\metro.config.js","statementMap":{"0":{"start":{"line":1,"column":29},"end":{"line":1,"column":52}},"1":{"start":{"line":3,"column":0},"end":{"line":17,"column":5}},"2":{"start":{"line":6,"column":6},"end":{"line":6,"column":30}},"3":{"start":{"line":7,"column":2},"end":{"line":16,"column":4}},"4":{"start":{"line":13,"column":43},"end":{"line":13,"column":56}}},"fnMap":{"0":{"name":"(anonymous_0)","decl":{"start":{"line":3,"column":18},"end":{"line":3,"column":19}},"loc":{"start":{"line":3,"column":30},"end":{"line":17,"column":1}},"line":3},"1":{"name":"(anonymous_1)","decl":{"start":{"line":13,"column":34},"end":{"line":13,"column":35}},"loc":{"start":{"line":13,"column":43},"end":{"line":13,"column":56}},"line":13}},"branchMap":{},"s":{"0":0,"1":0,"2":0,"3":0,"4":0},"f":{"0":0,"1":0},"b":{}}
,"C:\\Users\\malpr\\OneDrive\\Documents\\CPSC-270-Project\\Resources\\Calendar.js": {"path":"C:\\Users\\malpr\\OneDrive\\Documents\\CPSC-270-Project\\Resources\\Calendar.js","statementMap":{"0":{"start":{"line":16,"column":28},"end":{"line":20,"column":1}},"1":{"start":{"line":22,"column":14},"end":{"line":22,"column":36}},"2":{"start":{"line":26,"column":2},"end":{"line":31,"column":4}},"3":{"start":{"line":37,"column":40},"end":{"line":37,"column":69}},"4":{"start":{"line":38,"column":0},"end":{"line":38,"column":53}},"5":{"start":{"line":38,"column":27},"end":{"line":38,"column":51}},"6":{"start":{"line":39,"column":4},"end":{"line":63,"column":6}},"7":{"start":{"line":48,"column":24},"end":{"line":48,"column":39}},"8":{"start":{"line":52,"column":24},"end":{"line":55,"column":36}},"9":{"start":{"line":59,"column":61},"end":{"line":59,"column":121}},"10":{"start":{"line":68,"column":15},"end":{"line":104,"column":2}}},"fnMap":{"0":{"name":"CalendarStack","decl":{"start":{"line":24,"column":16},"end":{"line":24,"column":29}},"loc":{"start":{"line":24,"column":32},"end":{"line":32,"column":1}},"line":24},"1":{"name":"CalendarPage","decl":{"start":{"line":36,"column":16},"end":{"line":36,"column":28}},"loc":{"start":{"line":36,"column":50},"end":{"line":64,"column":1}},"line":36},"2":{"name":"(anonymous_2)","decl":{"start":{"line":38,"column":13},"end":{"line":38,"column":14}},"loc":{"start":{"line":38,"column":26},"end":{"line":38,"column":52}},"line":38},"3":{"name":"(anonymous_3)","decl":{"start":{"line":47,"column":37},"end":{"line":47,"column":38}},"loc":{"start":{"line":47,"column":43},"end":{"line":49,"column":21}},"line":47},"4":{"name":"(anonymous_4)","decl":{"start":{"line":51,"column":32},"end":{"line":51,"column":33}},"loc":{"start":{"line":52,"column":24},"end":{"line":55,"column":36}},"line":52},"5":{"name":"(anonymous_5)","decl":{"start":{"line":59,"column":57},"end":{"line":59,"column":58}},"loc":{"start":{"line":59,"column":61},"end":{"line":59,"column":121}},"line":59}},"branchMap":{},"s":{"0":0,"1":0,"2":0,"3":0,"4":0,"5":0,"6":0,"7":0,"8":0,"9":0,"10":0},"f":{"0":0,"1":0,"2":0,"3":0,"4":0,"5":0},"b":{}}
,"C:\\Users\\malpr\\OneDrive\\Documents\\CPSC-270-Project\\Resources\\CustomTab.js": {"path":"C:\\Users\\malpr\\OneDrive\\Documents\\CPSC-270-Project\\Resources\\CustomTab.js","statementMap":{"0":{"start":{"line":4,"column":18},"end":{"line":12,"column":1}},"1":{"start":{"line":5,"column":2},"end":{"line":11,"column":4}},"2":{"start":{"line":14,"column":15},"end":{"line":20,"column":2}}},"fnMap":{"0":{"name":"(anonymous_0)","decl":{"start":{"line":4,"column":18},"end":{"line":4,"column":19}},"loc":{"start":{"line":4,"column":50},"end":{"line":12,"column":1}},"line":4}},"branchMap":{},"s":{"0":0,"1":0,"2":0},"f":{"0":0},"b":{}}
,"C:\\Users\\malpr\\OneDrive\\Documents\\CPSC-270-Project\\Resources\\DirectoryList.js": {"path":"C:\\Users\\malpr\\OneDrive\\Documents\\CPSC-270-Project\\Resources\\DirectoryList.js","statementMap":{"0":{"start":{"line":6,"column":22},"end":{"line":23,"column":1}},"1":{"start":{"line":7,"column":2},"end":{"line":22,"column":4}},"2":{"start":{"line":10,"column":8},"end":{"line":19,"column":27}},"3":{"start":{"line":13,"column":25},"end":{"line":13,"column":41}},"4":{"start":{"line":25,"column":15},"end":{"line":51,"column":2}}},"fnMap":{"0":{"name":"(anonymous_0)","decl":{"start":{"line":6,"column":22},"end":{"line":6,"column":23}},"loc":{"start":{"line":6,"column":55},"end":{"line":23,"column":1}},"line":6},"1":{"name":"(anonymous_1)","decl":{"start":{"line":9,"column":16},"end":{"line":9,"column":17}},"loc":{"start":{"line":10,"column":8},"end":{"line":19,"column":27}},"line":10},"2":{"name":"(anonymous_2)","decl":{"start":{"line":13,"column":19},"end":{"line":13,"column":20}},"loc":{"start":{"line":13,"column":25},"end":{"line":13,"column":41}},"line":13}},"branchMap":{},"s":{"0":0,"1":0,"2":0,"3":0,"4":0},"f":{"0":0,"1":0,"2":0},"b":{}}
,"C:\\Users\\malpr\\OneDrive\\Documents\\CPSC-270-Project\\Resources\\Menus.js": {"path":"C:\\Users\\malpr\\OneDrive\\Documents\\CPSC-270-Project\\Resources\\Menus.js","statementMap":{"0":{"start":{"line":4,"column":27},"end":{"line":27,"column":1}},"1":{"start":{"line":29,"column":28},"end":{"line":49,"column":1}},"2":{"start":{"line":51,"column":26},"end":{"line":71,"column":1}},"3":{"start":{"line":74,"column":2},"end":{"line":84,"column":4}},"4":{"start":{"line":79,"column":8},"end":{"line":81,"column":15}},"5":{"start":{"line":88,"column":2},"end":{"line":99,"column":4}},"6":{"start":{"line":93,"column":8},"end":{"line":96,"column":15}},"7":{"start":{"line":103,"column":2},"end":{"line":117,"column":4}},"8":{"start":{"line":108,"column":30},"end":{"line":108,"column":38}},"9":{"start":{"line":110,"column":8},"end":{"line":114,"column":15}},"10":{"start":{"line":122,"column":2},"end":{"line":132,"column":3}},"11":{"start":{"line":124,"column":6},"end":{"line":124,"column":32}},"12":{"start":{"line":125,"column":6},"end":{"line":125,"column":12}},"13":{"start":{"line":127,"column":6},"end":{"line":127,"column":33}},"14":{"start":{"line":128,"column":6},"end":{"line":128,"column":12}},"15":{"start":{"line":130,"column":6},"end":{"line":130,"column":34}},"16":{"start":{"line":131,"column":6},"end":{"line":131,"column":12}},"17":{"start":{"line":133,"column":2},"end":{"line":133,"column":22}},"18":{"start":{"line":137,"column":27},"end":{"line":137,"column":49}},"19":{"start":{"line":138,"column":23},"end":{"line":138,"column":62}},"20":{"start":{"line":139,"column":2},"end":{"line":141,"column":4}},"21":{"start":{"line":145,"column":2},"end":{"line":152,"column":4}},"22":{"start":{"line":148,"column":21},"end":{"line":148,"column":68}},"23":{"start":{"line":157,"column":50},"end":{"line":157,"column":68}},"24":{"start":{"line":160,"column":4},"end":{"line":160,"column":39}},"25":{"start":{"line":162,"column":2},"end":{"line":171,"column":4}},"26":{"start":{"line":174,"column":15},"end":{"line":259,"column":2}}},"fnMap":{"0":{"name":"RenderMealItems","decl":{"start":{"line":73,"column":9},"end":{"line":73,"column":24}},"loc":{"start":{"line":73,"column":35},"end":{"line":85,"column":1}},"line":73},"1":{"name":"(anonymous_1)","decl":{"start":{"line":78,"column":18},"end":{"line":78,"column":19}},"loc":{"start":{"line":79,"column":8},"end":{"line":81,"column":15}},"line":79},"2":{"name":"RenderMeal","decl":{"start":{"line":87,"column":9},"end":{"line":87,"column":19}},"loc":{"start":{"line":87,"column":30},"end":{"line":100,"column":1}},"line":87},"3":{"name":"(anonymous_3)","decl":{"start":{"line":92,"column":18},"end":{"line":92,"column":19}},"loc":{"start":{"line":93,"column":8},"end":{"line":96,"column":15}},"line":93},"4":{"name":"RenderDay","decl":{"start":{"line":102,"column":9},"end":{"line":102,"column":18}},"loc":{"start":{"line":102,"column":33},"end":{"line":118,"column":1}},"line":102},"5":{"name":"(anonymous_5)","decl":{"start":{"line":108,"column":20},"end":{"line":108,"column":21}},"loc":{"start":{"line":108,"column":30},"end":{"line":108,"column":38}},"line":108},"6":{"name":"(anonymous_6)","decl":{"start":{"line":109,"column":18},"end":{"line":109,"column":19}},"loc":{"start":{"line":110,"column":8},"end":{"line":114,"column":15}},"line":110},"7":{"name":"convertLocationToMenu","decl":{"start":{"line":120,"column":9},"end":{"line":120,"column":30}},"loc":{"start":{"line":120,"column":49},"end":{"line":134,"column":1}},"line":120},"8":{"name":"RenderLocationMenu","decl":{"start":{"line":136,"column":9},"end":{"line":136,"column":27}},"loc":{"start":{"line":136,"column":35},"end":{"line":142,"column":1}},"line":136},"9":{"name":"RenderDiningLocationButton","decl":{"start":{"line":144,"column":9},"end":{"line":144,"column":35}},"loc":{"start":{"line":144,"column":43},"end":{"line":153,"column":1}},"line":144},"10":{"name":"(anonymous_10)","decl":{"start":{"line":148,"column":15},"end":{"line":148,"column":16}},"loc":{"start":{"line":148,"column":21},"end":{"line":148,"column":68}},"line":148},"11":{"name":"DiningPage","decl":{"start":{"line":155,"column":16},"end":{"line":155,"column":26}},"loc":{"start":{"line":155,"column":29},"end":{"line":172,"column":1}},"line":155},"12":{"name":"handleLocationPress","decl":{"start":{"line":159,"column":11},"end":{"line":159,"column":30}},"loc":{"start":{"line":159,"column":47},"end":{"line":161,"column":3}},"line":159}},"branchMap":{"0":{"loc":{"start":{"line":122,"column":2},"end":{"line":132,"column":3}},"type":"switch","locations":[{"start":{"line":123,"column":4},"end":{"line":125,"column":12}},{"start":{"line":126,"column":4},"end":{"line":128,"column":12}},{"start":{"line":129,"column":4},"end":{"line":131,"column":12}}],"line":122},"1":{"loc":{"start":{"line":147,"column":29},"end":{"line":147,"column":126}},"type":"cond-expr","locations":[{"start":{"line":147,"column":79},"end":{"line":147,"column":100}},{"start":{"line":147,"column":103},"end":{"line":147,"column":126}}],"line":147},"2":{"loc":{"start":{"line":150,"column":39},"end":{"line":150,"column":115}},"type":"cond-expr","locations":[{"start":{"line":150,"column":89},"end":{"line":150,"column":108}},{"start":{"line":150,"column":111},"end":{"line":150,"column":115}}],"line":150}},"s":{"0":1,"1":1,"2":1,"3":6,"4":24,"5":6,"6":6,"7":1,"8":6,"9":6,"10":1,"11":1,"12":1,"13":0,"14":0,"15":0,"16":0,"17":1,"18":1,"19":1,"20":1,"21":3,"22":0,"23":1,"24":0,"25":1,"26":1},"f":{"0":6,"1":24,"2":6,"3":6,"4":1,"5":6,"6":6,"7":1,"8":1,"9":3,"10":0,"11":1,"12":0},"b":{"0":[1,0,0],"1":[1,2],"2":[1,2]},"_coverageSchema":"1a1c01bbd47fc00a2c39e90264f33305004495a9","hash":"ddb30891c14f25a0c8a9a1bb2a230b17f49e9f4d"}
,"C:\\Users\\malpr\\OneDrive\\Documents\\CPSC-270-Project\\Resources\\NavBar.js": {"path":"C:\\Users\\malpr\\OneDrive\\Documents\\CPSC-270-Project\\Resources\\NavBar.js","statementMap":{"0":{"start":{"line":23,"column":23},"end":{"line":23,"column":37}},"1":{"start":{"line":23,"column":29},"end":{"line":23,"column":37}},"2":{"start":{"line":25,"column":14},"end":{"line":25,"column":36}},"3":{"start":{"line":26,"column":12},"end":{"line":26,"column":38}},"4":{"start":{"line":29,"column":2},"end":{"line":37,"column":4}},"5":{"start":{"line":34,"column":21},"end":{"line":34,"column":48}},"6":{"start":{"line":40,"column":2},"end":{"line":134,"column":4}},"7":{"start":{"line":52,"column":10},"end":{"line":124,"column":17}},"8":{"start":{"line":54,"column":57},"end":{"line":112,"column":15}},"9":{"start":{"line":60,"column":18},"end":{"line":69,"column":19}},"10":{"start":{"line":66,"column":22},"end":{"line":66,"column":82}},"11":{"start":{"line":68,"column":22},"end":{"line":68,"column":54}},"12":{"start":{"line":74,"column":18},"end":{"line":87,"column":19}},"13":{"start":{"line":76,"column":22},"end":{"line":76,"column":65}},"14":{"start":{"line":77,"column":22},"end":{"line":77,"column":28}},"15":{"start":{"line":79,"column":22},"end":{"line":79,"column":67}},"16":{"start":{"line":80,"column":22},"end":{"line":80,"column":28}},"17":{"start":{"line":82,"column":22},"end":{"line":82,"column":75}},"18":{"start":{"line":83,"column":22},"end":{"line":83,"column":28}},"19":{"start":{"line":85,"column":22},"end":{"line":85,"column":71}},"20":{"start":{"line":86,"column":22},"end":{"line":86,"column":28}},"21":{"start":{"line":89,"column":18},"end":{"line":89,"column":80}},"22":{"start":{"line":92,"column":18},"end":{"line":94,"column":19}},"23":{"start":{"line":93,"column":20},"end":{"line":93,"column":66}},"24":{"start":{"line":114,"column":93},"end":{"line":114,"column":97}}},"fnMap":{"0":{"name":"(anonymous_0)","decl":{"start":{"line":23,"column":23},"end":{"line":23,"column":24}},"loc":{"start":{"line":23,"column":29},"end":{"line":23,"column":37}},"line":23},"1":{"name":"HomeButton","decl":{"start":{"line":28,"column":9},"end":{"line":28,"column":19}},"loc":{"start":{"line":28,"column":36},"end":{"line":38,"column":1}},"line":28},"2":{"name":"(anonymous_2)","decl":{"start":{"line":34,"column":15},"end":{"line":34,"column":16}},"loc":{"start":{"line":34,"column":21},"end":{"line":34,"column":48}},"line":34},"3":{"name":"NavBar","decl":{"start":{"line":39,"column":9},"end":{"line":39,"column":15}},"loc":{"start":{"line":39,"column":18},"end":{"line":135,"column":1}},"line":39},"4":{"name":"(anonymous_4)","decl":{"start":{"line":51,"column":9},"end":{"line":51,"column":10}},"loc":{"start":{"line":52,"column":10},"end":{"line":124,"column":17}},"line":52},"5":{"name":"(anonymous_5)","decl":{"start":{"line":54,"column":29},"end":{"line":54,"column":30}},"loc":{"start":{"line":54,"column":57},"end":{"line":112,"column":15}},"line":54},"6":{"name":"(anonymous_6)","decl":{"start":{"line":59,"column":30},"end":{"line":59,"column":31}},"loc":{"start":{"line":59,"column":41},"end":{"line":70,"column":17}},"line":59},"7":{"name":"(anonymous_7)","decl":{"start":{"line":71,"column":28},"end":{"line":71,"column":29}},"loc":{"start":{"line":71,"column":58},"end":{"line":90,"column":17}},"line":71},"8":{"name":"(anonymous_8)","decl":{"start":{"line":91,"column":28},"end":{"line":91,"column":29}},"loc":{"start":{"line":91,"column":34},"end":{"line":95,"column":17}},"line":91},"9":{"name":"(anonymous_9)","decl":{"start":{"line":114,"column":87},"end":{"line":114,"column":88}},"loc":{"start":{"line":114,"column":93},"end":{"line":114,"column":97}},"line":114}},"branchMap":{"0":{"loc":{"start":{"line":60,"column":18},"end":{"line":69,"column":19}},"type":"switch","locations":[{"start":{"line":65,"column":20},"end":{"line":66,"column":82}},{"start":{"line":67,"column":20},"end":{"line":68,"column":54}}],"line":60},"1":{"loc":{"start":{"line":74,"column":18},"end":{"line":87,"column":19}},"type":"switch","locations":[{"start":{"line":75,"column":20},"end":{"line":77,"column":28}},{"start":{"line":78,"column":20},"end":{"line":80,"column":28}},{"start":{"line":81,"column":20},"end":{"line":83,"column":28}},{"start":{"line":84,"column":20},"end":{"line":86,"column":28}}],"line":74},"2":{"loc":{"start":{"line":76,"column":33},"end":{"line":76,"column":64}},"type":"cond-expr","locations":[{"start":{"line":76,"column":43},"end":{"line":76,"column":48}},{"start":{"line":76,"column":51},"end":{"line":76,"column":64}}],"line":76},"3":{"loc":{"start":{"line":79,"column":33},"end":{"line":79,"column":66}},"type":"cond-expr","locations":[{"start":{"line":79,"column":43},"end":{"line":79,"column":49}},{"start":{"line":79,"column":52},"end":{"line":79,"column":66}}],"line":79},"4":{"loc":{"start":{"line":82,"column":33},"end":{"line":82,"column":74}},"type":"cond-expr","locations":[{"start":{"line":82,"column":43},"end":{"line":82,"column":53}},{"start":{"line":82,"column":56},"end":{"line":82,"column":74}}],"line":82},"5":{"loc":{"start":{"line":85,"column":33},"end":{"line":85,"column":70}},"type":"cond-expr","locations":[{"start":{"line":85,"column":43},"end":{"line":85,"column":51}},{"start":{"line":85,"column":54},"end":{"line":85,"column":70}}],"line":85},"6":{"loc":{"start":{"line":92,"column":18},"end":{"line":94,"column":19}},"type":"if","locations":[{"start":{"line":92,"column":18},"end":{"line":94,"column":19}},{"start":{},"end":{}}],"line":92}},"s":{"0":0,"1":0,"2":0,"3":0,"4":0,"5":0,"6":0,"7":0,"8":0,"9":0,"10":0,"11":0,"12":0,"13":0,"14":0,"15":0,"16":0,"17":0,"18":0,"19":0,"20":0,"21":0,"22":0,"23":0,"24":0},"f":{"0":0,"1":0,"2":0,"3":0,"4":0,"5":0,"6":0,"7":0,"8":0,"9":0},"b":{"0":[0,0],"1":[0,0,0,0],"2":[0,0],"3":[0,0],"4":[0,0],"5":[0,0],"6":[0,0]}}
,"C:\\Users\\malpr\\OneDrive\\Documents\\CPSC-270-Project\\Resources\\PhoneEmailComponents.js": {"path":"C:\\Users\\malpr\\OneDrive\\Documents\\CPSC-270-Project\\Resources\\PhoneEmailComponents.js","statementMap":{"0":{"start":{"line":4,"column":24},"end":{"line":14,"column":1}},"1":{"start":{"line":5,"column":27},"end":{"line":7,"column":3}},"2":{"start":{"line":6,"column":4},"end":{"line":6,"column":42}},"3":{"start":{"line":9,"column":2},"end":{"line":13,"column":4}},"4":{"start":{"line":16,"column":18},"end":{"line":26,"column":1}},"5":{"start":{"line":17,"column":27},"end":{"line":19,"column":3}},"6":{"start":{"line":18,"column":4},"end":{"line":18,"column":46}},"7":{"start":{"line":21,"column":2},"end":{"line":25,"column":4}},"8":{"start":{"line":28,"column":15},"end":{"line":34,"column":2}}},"fnMap":{"0":{"name":"(anonymous_0)","decl":{"start":{"line":4,"column":24},"end":{"line":4,"column":25}},"loc":{"start":{"line":4,"column":45},"end":{"line":14,"column":1}},"line":4},"1":{"name":"(anonymous_1)","decl":{"start":{"line":5,"column":27},"end":{"line":5,"column":28}},"loc":{"start":{"line":5,"column":33},"end":{"line":7,"column":3}},"line":5},"2":{"name":"(anonymous_2)","decl":{"start":{"line":16,"column":18},"end":{"line":16,"column":19}},"loc":{"start":{"line":16,"column":40},"end":{"line":26,"column":1}},"line":16},"3":{"name":"(anonymous_3)","decl":{"start":{"line":17,"column":27},"end":{"line":17,"column":28}},"loc":{"start":{"line":17,"column":33},"end":{"line":19,"column":3}},"line":17}},"branchMap":{},"s":{"0":0,"1":0,"2":0,"3":0,"4":0,"5":0,"6":0,"7":0,"8":0},"f":{"0":0,"1":0,"2":0,"3":0},"b":{}}
,"C:\\Users\\malpr\\OneDrive\\Documents\\CPSC-270-Project\\Resources\\RoundedRect.js": {"path":"C:\\Users\\malpr\\OneDrive\\Documents\\CPSC-270-Project\\Resources\\RoundedRect.js","statementMap":{"0":{"start":{"line":14,"column":0},"end":{"line":19,"column":1}},"1":{"start":{"line":18,"column":2},"end":{"line":18,"column":56}},"2":{"start":{"line":21,"column":20},"end":{"line":70,"column":1}},"3":{"start":{"line":28,"column":40},"end":{"line":28,"column":56}},"4":{"start":{"line":29,"column":24},"end":{"line":29,"column":44}},"5":{"start":{"line":32,"column":26},"end":{"line":35,"column":3}},"6":{"start":{"line":33,"column":4},"end":{"line":33,"column":73}},"7":{"start":{"line":34,"column":4},"end":{"line":34,"column":33}},"8":{"start":{"line":39,"column":19},"end":{"line":43,"column":3}},"9":{"start":{"line":40,"column":4},"end":{"line":42,"column":5}},"10":{"start":{"line":41,"column":6},"end":{"line":41,"column":76}},"11":{"start":{"line":45,"column":2},"end":{"line":69,"column":4}},"12":{"start":{"line":72,"column":24},"end":{"line":84,"column":1}},"13":{"start":{"line":73,"column":2},"end":{"line":83,"column":4}},"14":{"start":{"line":77,"column":8},"end":{"line":80,"column":15}},"15":{"start":{"line":86,"column":15},"end":{"line":137,"column":2}}},"fnMap":{"0":{"name":"(anonymous_0)","decl":{"start":{"line":21,"column":20},"end":{"line":21,"column":21}},"loc":{"start":{"line":27,"column":6},"end":{"line":70,"column":1}},"line":27},"1":{"name":"(anonymous_1)","decl":{"start":{"line":32,"column":26},"end":{"line":32,"column":27}},"loc":{"start":{"line":32,"column":32},"end":{"line":35,"column":3}},"line":32},"2":{"name":"(anonymous_2)","decl":{"start":{"line":39,"column":19},"end":{"line":39,"column":20}},"loc":{"start":{"line":39,"column":30},"end":{"line":43,"column":3}},"line":39},"3":{"name":"(anonymous_3)","decl":{"start":{"line":72,"column":24},"end":{"line":72,"column":25}},"loc":{"start":{"line":72,"column":42},"end":{"line":84,"column":1}},"line":72},"4":{"name":"(anonymous_4)","decl":{"start":{"line":76,"column":36},"end":{"line":76,"column":37}},"loc":{"start":{"line":77,"column":8},"end":{"line":80,"column":15}},"line":77}},"branchMap":{"0":{"loc":{"start":{"line":14,"column":0},"end":{"line":19,"column":1}},"type":"if","locations":[{"start":{"line":14,"column":0},"end":{"line":19,"column":1}},{"start":{},"end":{}}],"line":14},"1":{"loc":{"start":{"line":15,"column":2},"end":{"line":16,"column":49}},"type":"binary-expr","locations":[{"start":{"line":15,"column":2},"end":{"line":15,"column":27}},{"start":{"line":16,"column":2},"end":{"line":16,"column":49}}],"line":15},"2":{"loc":{"start":{"line":23,"column":2},"end":{"line":23,"column":12}},"type":"default-arg","locations":[{"start":{"line":23,"column":10},"end":{"line":23,"column":12}}],"line":23},"3":{"loc":{"start":{"line":24,"column":2},"end":{"line":24,"column":16}},"type":"default-arg","locations":[{"start":{"line":24,"column":11},"end":{"line":24,"column":16}}],"line":24},"4":{"loc":{"start":{"line":25,"column":2},"end":{"line":25,"column":12}},"type":"default-arg","locations":[{"start":{"line":25,"column":10},"end":{"line":25,"column":12}}],"line":25},"5":{"loc":{"start":{"line":40,"column":4},"end":{"line":42,"column":5}},"type":"if","locations":[{"start":{"line":40,"column":4},"end":{"line":42,"column":5}},{"start":{},"end":{}}],"line":40},"6":{"loc":{"start":{"line":53,"column":37},"end":{"line":53,"column":60}},"type":"cond-expr","locations":[{"start":{"line":53,"column":51},"end":{"line":53,"column":54}},{"start":{"line":53,"column":57},"end":{"line":53,"column":60}}],"line":53},"7":{"loc":{"start":{"line":57,"column":7},"end":{"line":61,"column":7}},"type":"binary-expr","locations":[{"start":{"line":57,"column":7},"end":{"line":57,"column":18}},{"start":{"line":58,"column":8},"end":{"line":60,"column":15}}],"line":57},"8":{"loc":{"start":{"line":63,"column":7},"end":{"line":67,"column":7}},"type":"binary-expr","locations":[{"start":{"line":63,"column":7},"end":{"line":63,"column":19}},{"start":{"line":64,"column":8},"end":{"line":66,"column":15}}],"line":63},"9":{"loc":{"start":{"line":79,"column":11},"end":{"line":79,"column":77}},"type":"binary-expr","locations":[{"start":{"line":79,"column":11},"end":{"line":79,"column":40}},{"start":{"line":79,"column":44},"end":{"line":79,"column":77}}],"line":79}},"s":{"0":0,"1":0,"2":0,"3":0,"4":0,"5":0,"6":0,"7":0,"8":0,"9":0,"10":0,"11":0,"12":0,"13":0,"14":0,"15":0},"f":{"0":0,"1":0,"2":0,"3":0,"4":0},"b":{"0":[0,0],"1":[0,0],"2":[0],"3":[0],"4":[0],"5":[0,0],"6":[0,0],"7":[0,0],"8":[0,0],"9":[0,0]}}
,"C:\\Users\\malpr\\OneDrive\\Documents\\CPSC-270-Project\\Resources\\Pages\\AcademicInformation.js": {"path":"C:\\Users\\malpr\\OneDrive\\Documents\\CPSC-270-Project\\Resources\\Pages\\AcademicInformation.js","statementMap":{"0":{"start":{"line":10,"column":1},"end":{"line":21,"column":2}},"1":{"start":{"line":26,"column":1},"end":{"line":40,"column":2}},"2":{"start":{"line":33,"column":5},"end":{"line":36,"column":19}},"3":{"start":{"line":45,"column":1},"end":{"line":55,"column":2}},"4":{"start":{"line":49,"column":4},"end":{"line":51,"column":11}},"5":{"start":{"line":60,"column":1},"end":{"line":86,"column":2}},"6":{"start":{"line":91,"column":1},"end":{"line":97,"column":2}}},"fnMap":{"0":{"name":"GPA","decl":{"start":{"line":8,"column":9},"end":{"line":8,"column":12}},"loc":{"start":{"line":9,"column":0},"end":{"line":22,"column":1}},"line":9},"1":{"name":"Terms","decl":{"start":{"line":24,"column":9},"end":{"line":24,"column":14}},"loc":{"start":{"line":25,"column":0},"end":{"line":41,"column":1}},"line":25},"2":{"name":"(anonymous_2)","decl":{"start":{"line":32,"column":21},"end":{"line":32,"column":22}},"loc":{"start":{"line":33,"column":5},"end":{"line":36,"column":19}},"line":33},"3":{"name":"Grades","decl":{"start":{"line":43,"column":9},"end":{"line":43,"column":15}},"loc":{"start":{"line":44,"column":0},"end":{"line":56,"column":1}},"line":44},"4":{"name":"(anonymous_4)","decl":{"start":{"line":48,"column":26},"end":{"line":48,"column":27}},"loc":{"start":{"line":49,"column":4},"end":{"line":51,"column":11}},"line":49},"5":{"name":"MyProgress","decl":{"start":{"line":58,"column":9},"end":{"line":58,"column":19}},"loc":{"start":{"line":59,"column":0},"end":{"line":87,"column":1}},"line":59},"6":{"name":"AcademicInformationPage","decl":{"start":{"line":89,"column":9},"end":{"line":89,"column":32}},"loc":{"start":{"line":90,"column":0},"end":{"line":98,"column":1}},"line":90}},"branchMap":{},"s":{"0":0,"1":0,"2":0,"3":0,"4":0,"5":0,"6":0},"f":{"0":0,"1":0,"2":0,"3":0,"4":0,"5":0,"6":0},"b":{}}
,"C:\\Users\\malpr\\OneDrive\\Documents\\CPSC-270-Project\\Resources\\Pages\\AddEventPage.js": {"path":"C:\\Users\\malpr\\OneDrive\\Documents\\CPSC-270-Project\\Resources\\Pages\\AddEventPage.js","statementMap":{"0":{"start":{"line":7,"column":2},"end":{"line":7,"column":41}},"1":{"start":{"line":8,"column":25},"end":{"line":8,"column":50}},"2":{"start":{"line":9,"column":38},"end":{"line":9,"column":53}},"3":{"start":{"line":10,"column":26},"end":{"line":10,"column":46}},"4":{"start":{"line":11,"column":38},"end":{"line":11,"column":53}},"5":{"start":{"line":12,"column":44},"end":{"line":12,"column":59}},"6":{"start":{"line":13,"column":26},"end":{"line":13,"column":56}},"7":{"start":{"line":14,"column":32},"end":{"line":14,"column":62}},"8":{"start":{"line":15,"column":36},"end":{"line":15,"column":48}},"9":{"start":{"line":18,"column":4},"end":{"line":18,"column":24}},"10":{"start":{"line":22,"column":4},"end":{"line":22,"column":24}},"11":{"start":{"line":26,"column":4},"end":{"line":26,"column":27}},"12":{"start":{"line":30,"column":4},"end":{"line":30,"column":19}},"13":{"start":{"line":31,"column":4},"end":{"line":31,"column":25}},"14":{"start":{"line":35,"column":4},"end":{"line":35,"column":19}},"15":{"start":{"line":36,"column":4},"end":{"line":36,"column":25}},"16":{"start":{"line":40,"column":4},"end":{"line":40,"column":22}},"17":{"start":{"line":41,"column":4},"end":{"line":41,"column":28}},"18":{"start":{"line":44,"column":2},"end":{"line":44,"column":42}},"19":{"start":{"line":45,"column":26},"end":{"line":45,"column":52}},"20":{"start":{"line":46,"column":20},"end":{"line":46,"column":52}},"21":{"start":{"line":47,"column":2},"end":{"line":131,"column":4}},"22":{"start":{"line":60,"column":35},"end":{"line":60,"column":56}},"23":{"start":{"line":122,"column":12},"end":{"line":122,"column":86}},"24":{"start":{"line":123,"column":12},"end":{"line":123,"column":41}},"25":{"start":{"line":134,"column":19},"end":{"line":180,"column":2}}},"fnMap":{"0":{"name":"AddEventPage","decl":{"start":{"line":6,"column":16},"end":{"line":6,"column":28}},"loc":{"start":{"line":6,"column":52},"end":{"line":132,"column":1}},"line":6},"1":{"name":"showDatePicker","decl":{"start":{"line":17,"column":11},"end":{"line":17,"column":25}},"loc":{"start":{"line":17,"column":28},"end":{"line":19,"column":3}},"line":17},"2":{"name":"showTimePicker","decl":{"start":{"line":21,"column":11},"end":{"line":21,"column":25}},"loc":{"start":{"line":21,"column":28},"end":{"line":23,"column":3}},"line":21},"3":{"name":"showEndTimePicker","decl":{"start":{"line":25,"column":11},"end":{"line":25,"column":28}},"loc":{"start":{"line":25,"column":31},"end":{"line":27,"column":3}},"line":25},"4":{"name":"onDateSelected","decl":{"start":{"line":29,"column":11},"end":{"line":29,"column":25}},"loc":{"start":{"line":29,"column":40},"end":{"line":32,"column":3}},"line":29},"5":{"name":"onStartTimeSelected","decl":{"start":{"line":34,"column":11},"end":{"line":34,"column":30}},"loc":{"start":{"line":34,"column":45},"end":{"line":37,"column":3}},"line":34},"6":{"name":"onEndTimeSelected","decl":{"start":{"line":39,"column":11},"end":{"line":39,"column":28}},"loc":{"start":{"line":39,"column":43},"end":{"line":42,"column":3}},"line":39},"7":{"name":"(anonymous_7)","decl":{"start":{"line":60,"column":24},"end":{"line":60,"column":25}},"loc":{"start":{"line":60,"column":35},"end":{"line":60,"column":56}},"line":60},"8":{"name":"(anonymous_8)","decl":{"start":{"line":121,"column":19},"end":{"line":121,"column":20}},"loc":{"start":{"line":121,"column":25},"end":{"line":124,"column":11}},"line":121}},"branchMap":{"0":{"loc":{"start":{"line":64,"column":9},"end":{"line":73,"column":9}},"type":"binary-expr","locations":[{"start":{"line":64,"column":9},"end":{"line":64,"column":19}},{"start":{"line":65,"column":10},"end":{"line":72,"column":12}}],"line":64},"1":{"loc":{"start":{"line":68,"column":21},"end":{"line":68,"column":66}},"type":"cond-expr","locations":[{"start":{"line":68,"column":45},"end":{"line":68,"column":54}},{"start":{"line":68,"column":57},"end":{"line":68,"column":66}}],"line":68},"2":{"loc":{"start":{"line":75,"column":9},"end":{"line":84,"column":9}},"type":"binary-expr","locations":[{"start":{"line":75,"column":9},"end":{"line":75,"column":19}},{"start":{"line":76,"column":10},"end":{"line":83,"column":12}}],"line":75},"3":{"loc":{"start":{"line":79,"column":21},"end":{"line":79,"column":66}},"type":"cond-expr","locations":[{"start":{"line":79,"column":45},"end":{"line":79,"column":54}},{"start":{"line":79,"column":57},"end":{"line":79,"column":66}}],"line":79},"4":{"loc":{"start":{"line":86,"column":9},"end":{"line":95,"column":9}},"type":"binary-expr","locations":[{"start":{"line":86,"column":9},"end":{"line":86,"column":22}},{"start":{"line":87,"column":10},"end":{"line":94,"column":12}}],"line":86},"5":{"loc":{"start":{"line":90,"column":21},"end":{"line":90,"column":66}},"type":"cond-expr","locations":[{"start":{"line":90,"column":45},"end":{"line":90,"column":54}},{"start":{"line":90,"column":57},"end":{"line":90,"column":66}}],"line":90},"6":{"loc":{"start":{"line":97,"column":9},"end":{"line":103,"column":9}},"type":"binary-expr","locations":[{"start":{"line":97,"column":9},"end":{"line":97,"column":20}},{"start":{"line":98,"column":10},"end":{"line":102,"column":17}}],"line":97},"7":{"loc":{"start":{"line":105,"column":9},"end":{"line":111,"column":9}},"type":"binary-expr","locations":[{"start":{"line":105,"column":9},"end":{"line":105,"column":20}},{"start":{"line":106,"column":10},"end":{"line":110,"column":17}}],"line":105},"8":{"loc":{"start":{"line":113,"column":9},"end":{"line":119,"column":9}},"type":"binary-expr","locations":[{"start":{"line":113,"column":9},"end":{"line":113,"column":23}},{"start":{"line":114,"column":10},"end":{"line":118,"column":17}}],"line":113}},"s":{"0":0,"1":0,"2":0,"3":0,"4":0,"5":0,"6":0,"7":0,"8":0,"9":0,"10":0,"11":0,"12":0,"13":0,"14":0,"15":0,"16":0,"17":0,"18":0,"19":0,"20":0,"21":0,"22":0,"23":0,"24":0,"25":0},"f":{"0":0,"1":0,"2":0,"3":0,"4":0,"5":0,"6":0,"7":0,"8":0},"b":{"0":[0,0],"1":[0,0],"2":[0,0],"3":[0,0],"4":[0,0],"5":[0,0],"6":[0,0],"7":[0,0],"8":[0,0]}}
,"C:\\Users\\malpr\\OneDrive\\Documents\\CPSC-270-Project\\Resources\\Pages\\DemoDirectory.js": {"path":"C:\\Users\\malpr\\OneDrive\\Documents\\CPSC-270-Project\\Resources\\Pages\\DemoDirectory.js","statementMap":{"0":{"start":{"line":6,"column":22},"end":{"line":26,"column":1}},"1":{"start":{"line":7,"column":15},"end":{"line":13,"column":3}},"2":{"start":{"line":15,"column":22},"end":{"line":18,"column":3}},"3":{"start":{"line":16,"column":4},"end":{"line":16,"column":51}},"4":{"start":{"line":20,"column":2},"end":{"line":25,"column":4}},"5":{"start":{"line":28,"column":15},"end":{"line":39,"column":2}}},"fnMap":{"0":{"name":"(anonymous_0)","decl":{"start":{"line":6,"column":22},"end":{"line":6,"column":23}},"loc":{"start":{"line":6,"column":28},"end":{"line":26,"column":1}},"line":6},"1":{"name":"(anonymous_1)","decl":{"start":{"line":15,"column":22},"end":{"line":15,"column":23}},"loc":{"start":{"line":15,"column":30},"end":{"line":18,"column":3}},"line":15}},"branchMap":{},"s":{"0":0,"1":0,"2":0,"3":0,"4":0,"5":0},"f":{"0":0,"1":0},"b":{}}
,"C:\\Users\\malpr\\OneDrive\\Documents\\CPSC-270-Project\\Resources\\Pages\\DemoPage.js": {"path":"C:\\Users\\malpr\\OneDrive\\Documents\\CPSC-270-Project\\Resources\\Pages\\DemoPage.js","statementMap":{"0":{"start":{"line":6,"column":17},"end":{"line":16,"column":4}},"1":{"start":{"line":18,"column":2},"end":{"line":22,"column":4}}},"fnMap":{"0":{"name":"DemoPage","decl":{"start":{"line":5,"column":9},"end":{"line":5,"column":17}},"loc":{"start":{"line":5,"column":20},"end":{"line":23,"column":1}},"line":5}},"branchMap":{},"s":{"0":0,"1":0},"f":{"0":0},"b":{}}
,"C:\\Users\\malpr\\OneDrive\\Documents\\CPSC-270-Project\\Resources\\Pages\\Directory.js": {"path":"C:\\Users\\malpr\\OneDrive\\Documents\\CPSC-270-Project\\Resources\\Pages\\Directory.js","statementMap":{"0":{"start":{"line":7,"column":22},"end":{"line":27,"column":1}},"1":{"start":{"line":8,"column":15},"end":{"line":14,"column":3}},"2":{"start":{"line":16,"column":22},"end":{"line":19,"column":3}},"3":{"start":{"line":17,"column":4},"end":{"line":17,"column":51}},"4":{"start":{"line":21,"column":2},"end":{"line":26,"column":4}},"5":{"start":{"line":29,"column":15},"end":{"line":40,"column":2}}},"fnMap":{"0":{"name":"(anonymous_0)","decl":{"start":{"line":7,"column":22},"end":{"line":7,"column":23}},"loc":{"start":{"line":7,"column":28},"end":{"line":27,"column":1}},"line":7},"1":{"name":"(anonymous_1)","decl":{"start":{"line":16,"column":22},"end":{"line":16,"column":23}},"loc":{"start":{"line":16,"column":30},"end":{"line":19,"column":3}},"line":16}},"branchMap":{},"s":{"0":0,"1":0,"2":0,"3":0,"4":0,"5":0},"f":{"0":0,"1":0},"b":{}}
,"C:\\Users\\malpr\\OneDrive\\Documents\\CPSC-270-Project\\Resources\\Pages\\FinancialInformation.js": {"path":"C:\\Users\\malpr\\OneDrive\\Documents\\CPSC-270-Project\\Resources\\Pages\\FinancialInformation.js","statementMap":{"0":{"start":{"line":11,"column":1},"end":{"line":16,"column":2}},"1":{"start":{"line":21,"column":1},"end":{"line":31,"column":2}},"2":{"start":{"line":36,"column":1},"end":{"line":50,"column":2}},"3":{"start":{"line":55,"column":1},"end":{"line":72,"column":2}},"4":{"start":{"line":77,"column":1},"end":{"line":82,"column":2}},"5":{"start":{"line":87,"column":1},"end":{"line":95,"column":2}},"6":{"start":{"line":100,"column":1},"end":{"line":104,"column":2}},"7":{"start":{"line":109,"column":1},"end":{"line":120,"column":2}},"8":{"start":{"line":125,"column":1},"end":{"line":136,"column":2}},"9":{"start":{"line":141,"column":1},"end":{"line":149,"column":2}},"10":{"start":{"line":152,"column":15},"end":{"line":156,"column":2}}},"fnMap":{"0":{"name":"ContactFinancialAidOffice","decl":{"start":{"line":9,"column":9},"end":{"line":9,"column":34}},"loc":{"start":{"line":10,"column":0},"end":{"line":17,"column":1}},"line":10},"1":{"name":"StudentFinance","decl":{"start":{"line":19,"column":9},"end":{"line":19,"column":23}},"loc":{"start":{"line":20,"column":0},"end":{"line":32,"column":1}},"line":20},"2":{"name":"SAPStatus","decl":{"start":{"line":34,"column":9},"end":{"line":34,"column":18}},"loc":{"start":{"line":35,"column":0},"end":{"line":51,"column":1}},"line":35},"3":{"name":"SAPDetails","decl":{"start":{"line":53,"column":9},"end":{"line":53,"column":19}},"loc":{"start":{"line":54,"column":0},"end":{"line":73,"column":1}},"line":54},"4":{"name":"FinancialAidCounselor","decl":{"start":{"line":75,"column":9},"end":{"line":75,"column":30}},"loc":{"start":{"line":76,"column":0},"end":{"line":83,"column":1}},"line":76},"5":{"name":"SatisfactoryAcademicProgress","decl":{"start":{"line":85,"column":9},"end":{"line":85,"column":37}},"loc":{"start":{"line":86,"column":0},"end":{"line":96,"column":1}},"line":86},"6":{"name":"FinancialAid","decl":{"start":{"line":98,"column":9},"end":{"line":98,"column":21}},"loc":{"start":{"line":99,"column":0},"end":{"line":105,"column":1}},"line":99},"7":{"name":"TaxInformation","decl":{"start":{"line":107,"column":9},"end":{"line":107,"column":23}},"loc":{"start":{"line":108,"column":0},"end":{"line":121,"column":1}},"line":108},"8":{"name":"BankingInformation","decl":{"start":{"line":123,"column":9},"end":{"line":123,"column":27}},"loc":{"start":{"line":124,"column":0},"end":{"line":137,"column":1}},"line":124},"9":{"name":"AcademicInformationPage","decl":{"start":{"line":139,"column":9},"end":{"line":139,"column":32}},"loc":{"start":{"line":140,"column":0},"end":{"line":150,"column":1}},"line":140}},"branchMap":{},"s":{"0":0,"1":0,"2":0,"3":0,"4":0,"5":0,"6":0,"7":0,"8":0,"9":0,"10":0},"f":{"0":0,"1":0,"2":0,"3":0,"4":0,"5":0,"6":0,"7":0,"8":0,"9":0},"b":{}}
,"C:\\Users\\malpr\\OneDrive\\Documents\\CPSC-270-Project\\Resources\\Pages\\Landing.js": {"path":"C:\\Users\\malpr\\OneDrive\\Documents\\CPSC-270-Project\\Resources\\Pages\\Landing.js","statementMap":{"0":{"start":{"line":5,"column":20},"end":{"line":28,"column":1}},"1":{"start":{"line":7,"column":15},"end":{"line":13,"column":3}},"2":{"start":{"line":15,"column":22},"end":{"line":21,"column":3}},"3":{"start":{"line":16,"column":4},"end":{"line":20,"column":58}},"4":{"start":{"line":17,"column":6},"end":{"line":17,"column":55}},"5":{"start":{"line":18,"column":6},"end":{"line":18,"column":45}},"6":{"start":{"line":20,"column":6},"end":{"line":20,"column":58}},"7":{"start":{"line":23,"column":2},"end":{"line":27,"column":4}},"8":{"start":{"line":30,"column":15},"end":{"line":41,"column":2}}},"fnMap":{"0":{"name":"(anonymous_0)","decl":{"start":{"line":5,"column":20},"end":{"line":5,"column":21}},"loc":{"start":{"line":5,"column":38},"end":{"line":28,"column":1}},"line":5},"1":{"name":"(anonymous_1)","decl":{"start":{"line":15,"column":22},"end":{"line":15,"column":23}},"loc":{"start":{"line":15,"column":30},"end":{"line":21,"column":3}},"line":15}},"branchMap":{"0":{"loc":{"start":{"line":16,"column":4},"end":{"line":20,"column":58}},"type":"if","locations":[{"start":{"line":16,"column":4},"end":{"line":20,"column":58}},{"start":{"line":20,"column":6},"end":{"line":20,"column":58}}],"line":16}},"s":{"0":0,"1":0,"2":0,"3":0,"4":0,"5":0,"6":0,"7":0,"8":0},"f":{"0":0,"1":0},"b":{"0":[0,0]}}
,"C:\\Users\\malpr\\OneDrive\\Documents\\CPSC-270-Project\\Resources\\Pages\\Mail.js": {"path":"C:\\Users\\malpr\\OneDrive\\Documents\\CPSC-270-Project\\Resources\\Pages\\Mail.js","statementMap":{"0":{"start":{"line":8,"column":25},"end":{"line":40,"column":1}},"1":{"start":{"line":54,"column":40},"end":{"line":54,"column":59}},"2":{"start":{"line":55,"column":48},"end":{"line":55,"column":77}},"3":{"start":{"line":56,"column":44},"end":{"line":56,"column":59}},"4":{"start":{"line":58,"column":4},"end":{"line":63,"column":5}},"5":{"start":{"line":59,"column":8},"end":{"line":62,"column":9}},"6":{"start":{"line":60,"column":12},"end":{"line":60,"column":39}},"7":{"start":{"line":61,"column":12},"end":{"line":61,"column":19}},"8":{"start":{"line":65,"column":4},"end":{"line":80,"column":6}},"9":{"start":{"line":84,"column":22},"end":{"line":141,"column":2}}},"fnMap":{"0":{"name":"MailPage","decl":{"start":{"line":52,"column":24},"end":{"line":52,"column":32}},"loc":{"start":{"line":52,"column":35},"end":{"line":82,"column":1}},"line":52}},"branchMap":{"0":{"loc":{"start":{"line":59,"column":8},"end":{"line":62,"column":9}},"type":"if","locations":[{"start":{"line":59,"column":8},"end":{"line":62,"column":9}},{"start":{},"end":{}}],"line":59}},"s":{"0":0,"1":0,"2":0,"3":0,"4":0,"5":0,"6":0,"7":0,"8":0,"9":0},"f":{"0":0},"b":{"0":[0,0]}}
,"C:\\Users\\malpr\\OneDrive\\Documents\\CPSC-270-Project\\Resources\\Pages\\Map.js": {"path":"C:\\Users\\malpr\\OneDrive\\Documents\\CPSC-270-Project\\Resources\\Pages\\Map.js","statementMap":{"0":{"start":{"line":15,"column":20},"end":{"line":15,"column":99}},"1":{"start":{"line":18,"column":2},"end":{"line":21,"column":3}},"2":{"start":{"line":19,"column":4},"end":{"line":19,"column":48}},"3":{"start":{"line":20,"column":4},"end":{"line":20,"column":16}},"4":{"start":{"line":22,"column":2},"end":{"line":31,"column":4}},"5":{"start":{"line":36,"column":16},"end":{"line":36,"column":18}},"6":{"start":{"line":38,"column":19},"end":{"line":102,"column":3}},"7":{"start":{"line":39,"column":21},"end":{"line":39,"column":45}},"8":{"start":{"line":40,"column":20},"end":{"line":40,"column":41}},"9":{"start":{"line":42,"column":19},"end":{"line":42,"column":34}},"10":{"start":{"line":43,"column":19},"end":{"line":43,"column":62}},"11":{"start":{"line":45,"column":20},"end":{"line":45,"column":69}},"12":{"start":{"line":46,"column":4},"end":{"line":46,"column":42}},"13":{"start":{"line":46,"column":30},"end":{"line":46,"column":42}},"14":{"start":{"line":48,"column":4},"end":{"line":98,"column":7}},"15":{"start":{"line":49,"column":25},"end":{"line":49,"column":75}},"16":{"start":{"line":50,"column":6},"end":{"line":97,"column":8}},"17":{"start":{"line":51,"column":28},"end":{"line":51,"column":69}},"18":{"start":{"line":52,"column":35},"end":{"line":52,"column":83}},"19":{"start":{"line":53,"column":28},"end":{"line":53,"column":76}},"20":{"start":{"line":55,"column":8},"end":{"line":96,"column":11}},"21":{"start":{"line":56,"column":10},"end":{"line":56,"column":42}},"22":{"start":{"line":59,"column":23},"end":{"line":59,"column":46}},"23":{"start":{"line":60,"column":30},"end":{"line":60,"column":71}},"24":{"start":{"line":62,"column":28},"end":{"line":62,"column":37}},"25":{"start":{"line":63,"column":23},"end":{"line":63,"column":32}},"26":{"start":{"line":65,"column":10},"end":{"line":80,"column":11}},"27":{"start":{"line":66,"column":25},"end":{"line":66,"column":48}},"28":{"start":{"line":69,"column":29},"end":{"line":69,"column":65}},"29":{"start":{"line":70,"column":12},"end":{"line":70,"column":53}},"30":{"start":{"line":73,"column":32},"end":{"line":73,"column":62}},"31":{"start":{"line":76,"column":33},"end":{"line":76,"column":95}},"32":{"start":{"line":79,"column":12},"end":{"line":79,"column":88}},"33":{"start":{"line":82,"column":29},"end":{"line":82,"column":60}},"34":{"start":{"line":83,"column":10},"end":{"line":95,"column":13}},"35":{"start":{"line":84,"column":14},"end":{"line":94,"column":17}},"36":{"start":{"line":100,"column":4},"end":{"line":100,"column":29}},"37":{"start":{"line":103,"column":2},"end":{"line":103,"column":13}},"38":{"start":{"line":106,"column":30},"end":{"line":106,"column":45}},"39":{"start":{"line":107,"column":23},"end":{"line":107,"column":47}},"40":{"start":{"line":107,"column":29},"end":{"line":107,"column":47}},"41":{"start":{"line":109,"column":20},"end":{"line":109,"column":21}},"42":{"start":{"line":111,"column":27},"end":{"line":198,"column":3}},"43":{"start":{"line":113,"column":4},"end":{"line":123,"column":5}},"44":{"start":{"line":115,"column":8},"end":{"line":115,"column":34}},"45":{"start":{"line":116,"column":8},"end":{"line":116,"column":14}},"46":{"start":{"line":118,"column":8},"end":{"line":118,"column":36}},"47":{"start":{"line":119,"column":8},"end":{"line":119,"column":14}},"48":{"start":{"line":121,"column":8},"end":{"line":121,"column":60}},"49":{"start":{"line":122,"column":8},"end":{"line":122,"column":14}},"50":{"start":{"line":126,"column":4},"end":{"line":135,"column":5}},"51":{"start":{"line":128,"column":8},"end":{"line":128,"column":35}},"52":{"start":{"line":129,"column":8},"end":{"line":129,"column":14}},"53":{"start":{"line":131,"column":8},"end":{"line":131,"column":29}},"54":{"start":{"line":132,"column":8},"end":{"line":132,"column":14}},"55":{"start":{"line":134,"column":8},"end":{"line":134,"column":42}},"56":{"start":{"line":138,"column":4},"end":{"line":148,"column":5}},"57":{"start":{"line":140,"column":8},"end":{"line":140,"column":28}},"58":{"start":{"line":141,"column":8},"end":{"line":141,"column":14}},"59":{"start":{"line":143,"column":8},"end":{"line":143,"column":32}},"60":{"start":{"line":144,"column":8},"end":{"line":144,"column":14}},"61":{"start":{"line":146,"column":8},"end":{"line":146,"column":52}},"62":{"start":{"line":147,"column":8},"end":{"line":147,"column":14}},"63":{"start":{"line":151,"column":4},"end":{"line":158,"column":5}},"64":{"start":{"line":153,"column":8},"end":{"line":153,"column":28}},"65":{"start":{"line":154,"column":8},"end":{"line":154,"column":14}},"66":{"start":{"line":156,"column":8},"end":{"line":156,"column":28}},"67":{"start":{"line":157,"column":8},"end":{"line":157,"column":14}},"68":{"start":{"line":161,"column":4},"end":{"line":171,"column":5}},"69":{"start":{"line":163,"column":8},"end":{"line":163,"column":24}},"70":{"start":{"line":164,"column":6},"end":{"line":164,"column":12}},"71":{"start":{"line":166,"column":8},"end":{"line":166,"column":89}},"72":{"start":{"line":166,"column":62},"end":{"line":166,"column":87}},"73":{"start":{"line":167,"column":6},"end":{"line":167,"column":12}},"74":{"start":{"line":169,"column":6},"end":{"line":169,"column":26}},"75":{"start":{"line":170,"column":6},"end":{"line":170,"column":12}},"76":{"start":{"line":173,"column":4},"end":{"line":197,"column":5}},"77":{"start":{"line":184,"column":10},"end":{"line":184,"column":32}},"78":{"start":{"line":185,"column":10},"end":{"line":185,"column":25}},"79":{"start":{"line":200,"column":28},"end":{"line":200,"column":66}},"80":{"start":{"line":201,"column":23},"end":{"line":208,"column":3}},"81":{"start":{"line":203,"column":4},"end":{"line":207,"column":6}},"82":{"start":{"line":210,"column":25},"end":{"line":232,"column":3}},"83":{"start":{"line":211,"column":22},"end":{"line":211,"column":83}},"84":{"start":{"line":213,"column":26},"end":{"line":219,"column":38}},"85":{"start":{"line":215,"column":8},"end":{"line":215,"column":52}},"86":{"start":{"line":215,"column":40},"end":{"line":215,"column":52}},"87":{"start":{"line":216,"column":8},"end":{"line":216,"column":22}},"88":{"start":{"line":217,"column":8},"end":{"line":217,"column":75}},"89":{"start":{"line":219,"column":24},"end":{"line":219,"column":37}},"90":{"start":{"line":221,"column":4},"end":{"line":221,"column":18}},"91":{"start":{"line":223,"column":26},"end":{"line":223,"column":95}},"92":{"start":{"line":225,"column":4},"end":{"line":231,"column":6}},"93":{"start":{"line":234,"column":2},"end":{"line":241,"column":4}},"94":{"start":{"line":245,"column":24},"end":{"line":271,"column":3}},"95":{"start":{"line":246,"column":23},"end":{"line":266,"column":38}},"96":{"start":{"line":248,"column":6},"end":{"line":251,"column":7}},"97":{"start":{"line":250,"column":8},"end":{"line":250,"column":20}},"98":{"start":{"line":253,"column":6},"end":{"line":265,"column":7}},"99":{"start":{"line":259,"column":12},"end":{"line":259,"column":63}},"100":{"start":{"line":266,"column":24},"end":{"line":266,"column":37}},"101":{"start":{"line":270,"column":4},"end":{"line":270,"column":22}},"102":{"start":{"line":273,"column":2},"end":{"line":317,"column":4}},"103":{"start":{"line":321,"column":32},"end":{"line":321,"column":44}},"104":{"start":{"line":322,"column":30},"end":{"line":322,"column":42}},"105":{"start":{"line":324,"column":2},"end":{"line":326,"column":9}},"106":{"start":{"line":325,"column":4},"end":{"line":325,"column":28}},"107":{"start":{"line":328,"column":2},"end":{"line":328,"column":103}},"108":{"start":{"line":333,"column":20},"end":{"line":344,"column":1}},"109":{"start":{"line":347,"column":2},"end":{"line":347,"column":40}},"110":{"start":{"line":348,"column":2},"end":{"line":349,"column":27}},"111":{"start":{"line":349,"column":6},"end":{"line":349,"column":27}},"112":{"start":{"line":350,"column":2},"end":{"line":351,"column":19}},"113":{"start":{"line":351,"column":6},"end":{"line":351,"column":19}},"114":{"start":{"line":352,"column":2},"end":{"line":353,"column":23}},"115":{"start":{"line":353,"column":6},"end":{"line":353,"column":23}},"116":{"start":{"line":354,"column":2},"end":{"line":355,"column":29}},"117":{"start":{"line":355,"column":6},"end":{"line":355,"column":29}},"118":{"start":{"line":356,"column":2},"end":{"line":357,"column":24}},"119":{"start":{"line":357,"column":6},"end":{"line":357,"column":24}},"120":{"start":{"line":358,"column":2},"end":{"line":379,"column":3}},"121":{"start":{"line":359,"column":4},"end":{"line":359,"column":30}},"122":{"start":{"line":360,"column":4},"end":{"line":373,"column":5}},"123":{"start":{"line":361,"column":6},"end":{"line":361,"column":32}},"124":{"start":{"line":362,"column":9},"end":{"line":373,"column":5}},"125":{"start":{"line":363,"column":6},"end":{"line":363,"column":31}},"126":{"start":{"line":364,"column":9},"end":{"line":373,"column":5}},"127":{"start":{"line":365,"column":6},"end":{"line":365,"column":31}},"128":{"start":{"line":366,"column":9},"end":{"line":373,"column":5}},"129":{"start":{"line":367,"column":6},"end":{"line":367,"column":30}},"130":{"start":{"line":368,"column":9},"end":{"line":373,"column":5}},"131":{"start":{"line":369,"column":6},"end":{"line":369,"column":33}},"132":{"start":{"line":371,"column":6},"end":{"line":371,"column":51}},"133":{"start":{"line":372,"column":6},"end":{"line":372,"column":22}},"134":{"start":{"line":378,"column":4},"end":{"line":378,"column":20}},"135":{"start":{"line":384,"column":15},"end":{"line":451,"column":2}}},"fnMap":{"0":{"name":"MarkerContent","decl":{"start":{"line":17,"column":9},"end":{"line":17,"column":22}},"loc":{"start":{"line":17,"column":37},"end":{"line":32,"column":1}},"line":17},"1":{"name":"LoadMapData","decl":{"start":{"line":34,"column":9},"end":{"line":34,"column":20}},"loc":{"start":{"line":34,"column":38},"end":{"line":104,"column":1}},"line":34},"2":{"name":"(anonymous_2)","decl":{"start":{"line":38,"column":19},"end":{"line":38,"column":20}},"loc":{"start":{"line":38,"column":31},"end":{"line":102,"column":3}},"line":38},"3":{"name":"(anonymous_3)","decl":{"start":{"line":48,"column":32},"end":{"line":48,"column":33}},"loc":{"start":{"line":48,"column":44},"end":{"line":98,"column":5}},"line":48},"4":{"name":"(anonymous_4)","decl":{"start":{"line":50,"column":67},"end":{"line":50,"column":68}},"loc":{"start":{"line":50,"column":82},"end":{"line":97,"column":7}},"line":50},"5":{"name":"FilterButton","decl":{"start":{"line":105,"column":9},"end":{"line":105,"column":21}},"loc":{"start":{"line":105,"column":35},"end":{"line":242,"column":1}},"line":105},"6":{"name":"(anonymous_6)","decl":{"start":{"line":107,"column":23},"end":{"line":107,"column":24}},"loc":{"start":{"line":107,"column":29},"end":{"line":107,"column":47}},"line":107},"7":{"name":"(anonymous_7)","decl":{"start":{"line":111,"column":27},"end":{"line":111,"column":28}},"loc":{"start":{"line":111,"column":48},"end":{"line":198,"column":3}},"line":111},"8":{"name":"(anonymous_8)","decl":{"start":{"line":166,"column":53},"end":{"line":166,"column":54}},"loc":{"start":{"line":166,"column":62},"end":{"line":166,"column":87}},"line":166},"9":{"name":"(anonymous_9)","decl":{"start":{"line":183,"column":17},"end":{"line":183,"column":18}},"loc":{"start":{"line":183,"column":23},"end":{"line":186,"column":9}},"line":183},"10":{"name":"(anonymous_10)","decl":{"start":{"line":201,"column":23},"end":{"line":201,"column":24}},"loc":{"start":{"line":201,"column":44},"end":{"line":208,"column":3}},"line":201},"11":{"name":"(anonymous_11)","decl":{"start":{"line":210,"column":25},"end":{"line":210,"column":26}},"loc":{"start":{"line":210,"column":31},"end":{"line":232,"column":3}},"line":210},"12":{"name":"(anonymous_12)","decl":{"start":{"line":214,"column":11},"end":{"line":214,"column":12}},"loc":{"start":{"line":214,"column":28},"end":{"line":218,"column":7}},"line":214},"13":{"name":"(anonymous_13)","decl":{"start":{"line":219,"column":14},"end":{"line":219,"column":15}},"loc":{"start":{"line":219,"column":24},"end":{"line":219,"column":37}},"line":219},"14":{"name":"RenderMap","decl":{"start":{"line":244,"column":9},"end":{"line":244,"column":18}},"loc":{"start":{"line":244,"column":61},"end":{"line":318,"column":1}},"line":244},"15":{"name":"(anonymous_15)","decl":{"start":{"line":245,"column":24},"end":{"line":245,"column":25}},"loc":{"start":{"line":245,"column":37},"end":{"line":271,"column":3}},"line":245},"16":{"name":"(anonymous_16)","decl":{"start":{"line":246,"column":35},"end":{"line":246,"column":36}},"loc":{"start":{"line":246,"column":47},"end":{"line":266,"column":5}},"line":246},"17":{"name":"(anonymous_17)","decl":{"start":{"line":258,"column":26},"end":{"line":258,"column":27}},"loc":{"start":{"line":258,"column":32},"end":{"line":260,"column":11}},"line":258},"18":{"name":"(anonymous_18)","decl":{"start":{"line":266,"column":14},"end":{"line":266,"column":15}},"loc":{"start":{"line":266,"column":24},"end":{"line":266,"column":37}},"line":266},"19":{"name":"Map","decl":{"start":{"line":320,"column":9},"end":{"line":320,"column":12}},"loc":{"start":{"line":320,"column":27},"end":{"line":329,"column":1}},"line":320},"20":{"name":"(anonymous_20)","decl":{"start":{"line":324,"column":12},"end":{"line":324,"column":13}},"loc":{"start":{"line":324,"column":18},"end":{"line":326,"column":3}},"line":324},"21":{"name":"getMarkerType","decl":{"start":{"line":346,"column":9},"end":{"line":346,"column":22}},"loc":{"start":{"line":346,"column":41},"end":{"line":380,"column":1}},"line":346}},"branchMap":{"0":{"loc":{"start":{"line":18,"column":2},"end":{"line":21,"column":3}},"type":"if","locations":[{"start":{"line":18,"column":2},"end":{"line":21,"column":3}},{"start":{},"end":{}}],"line":18},"1":{"loc":{"start":{"line":46,"column":4},"end":{"line":46,"column":42}},"type":"if","locations":[{"start":{"line":46,"column":4},"end":{"line":46,"column":42}},{"start":{},"end":{}}],"line":46},"2":{"loc":{"start":{"line":55,"column":8},"end":{"line":96,"column":11}},"type":"if","locations":[{"start":{"line":55,"column":8},"end":{"line":96,"column":11}},{"start":{"line":58,"column":13},"end":{"line":96,"column":11}}],"line":55},"3":{"loc":{"start":{"line":55,"column":12},"end":{"line":55,"column":47}},"type":"binary-expr","locations":[{"start":{"line":55,"column":12},"end":{"line":55,"column":24}},{"start":{"line":55,"column":28},"end":{"line":55,"column":47}}],"line":55},"4":{"loc":{"start":{"line":65,"column":10},"end":{"line":80,"column":11}},"type":"if","locations":[{"start":{"line":65,"column":10},"end":{"line":80,"column":11}},{"start":{},"end":{}}],"line":65},"5":{"loc":{"start":{"line":70,"column":21},"end":{"line":70,"column":52}},"type":"binary-expr","locations":[{"start":{"line":70,"column":21},"end":{"line":70,"column":29}},{"start":{"line":70,"column":33},"end":{"line":70,"column":44}},{"start":{"line":70,"column":48},"end":{"line":70,"column":52}}],"line":70},"6":{"loc":{"start":{"line":83,"column":10},"end":{"line":95,"column":13}},"type":"if","locations":[{"start":{"line":83,"column":10},"end":{"line":95,"column":13}},{"start":{},"end":{}}],"line":83},"7":{"loc":{"start":{"line":113,"column":4},"end":{"line":123,"column":5}},"type":"switch","locations":[{"start":{"line":114,"column":6},"end":{"line":116,"column":14}},{"start":{"line":117,"column":6},"end":{"line":119,"column":14}},{"start":{"line":120,"column":6},"end":{"line":122,"column":14}}],"line":113},"8":{"loc":{"start":{"line":126,"column":4},"end":{"line":135,"column":5}},"type":"switch","locations":[{"start":{"line":127,"column":6},"end":{"line":129,"column":14}},{"start":{"line":130,"column":6},"end":{"line":132,"column":14}},{"start":{"line":133,"column":6},"end":{"line":134,"column":42}}],"line":126},"9":{"loc":{"start":{"line":138,"column":4},"end":{"line":148,"column":5}},"type":"switch","locations":[{"start":{"line":139,"column":6},"end":{"line":141,"column":14}},{"start":{"line":142,"column":6},"end":{"line":144,"column":14}},{"start":{"line":145,"column":6},"end":{"line":147,"column":14}}],"line":138},"10":{"loc":{"start":{"line":151,"column":4},"end":{"line":158,"column":5}},"type":"switch","locations":[{"start":{"line":152,"column":6},"end":{"line":154,"column":14}},{"start":{"line":155,"column":6},"end":{"line":157,"column":14}}],"line":151},"11":{"loc":{"start":{"line":161,"column":4},"end":{"line":171,"column":5}},"type":"switch","locations":[{"start":{"line":162,"column":6},"end":{"line":164,"column":12}},{"start":{"line":165,"column":6},"end":{"line":167,"column":12}},{"start":{"line":168,"column":4},"end":{"line":170,"column":12}}],"line":161},"12":{"loc":{"start":{"line":215,"column":8},"end":{"line":215,"column":52}},"type":"if","locations":[{"start":{"line":215,"column":8},"end":{"line":215,"column":52}},{"start":{},"end":{}}],"line":215},"13":{"loc":{"start":{"line":236,"column":7},"end":{"line":236,"column":33}},"type":"binary-expr","locations":[{"start":{"line":236,"column":7},"end":{"line":236,"column":13}},{"start":{"line":236,"column":17},"end":{"line":236,"column":33}}],"line":236},"14":{"loc":{"start":{"line":248,"column":6},"end":{"line":251,"column":7}},"type":"if","locations":[{"start":{"line":248,"column":6},"end":{"line":251,"column":7}},{"start":{},"end":{}}],"line":248},"15":{"loc":{"start":{"line":248,"column":10},"end":{"line":248,"column":62}},"type":"binary-expr","locations":[{"start":{"line":248,"column":10},"end":{"line":248,"column":29}},{"start":{"line":248,"column":33},"end":{"line":248,"column":62}}],"line":248},"16":{"loc":{"start":{"line":313,"column":9},"end":{"line":313,"column":42}},"type":"binary-expr","locations":[{"start":{"line":313,"column":9},"end":{"line":313,"column":16}},{"start":{"line":313,"column":20},"end":{"line":313,"column":42}}],"line":313},"17":{"loc":{"start":{"line":348,"column":2},"end":{"line":349,"column":27}},"type":"if","locations":[{"start":{"line":348,"column":2},"end":{"line":349,"column":27}},{"start":{},"end":{}}],"line":348},"18":{"loc":{"start":{"line":350,"column":2},"end":{"line":351,"column":19}},"type":"if","locations":[{"start":{"line":350,"column":2},"end":{"line":351,"column":19}},{"start":{},"end":{}}],"line":350},"19":{"loc":{"start":{"line":352,"column":2},"end":{"line":353,"column":23}},"type":"if","locations":[{"start":{"line":352,"column":2},"end":{"line":353,"column":23}},{"start":{},"end":{}}],"line":352},"20":{"loc":{"start":{"line":354,"column":2},"end":{"line":355,"column":29}},"type":"if","locations":[{"start":{"line":354,"column":2},"end":{"line":355,"column":29}},{"start":{},"end":{}}],"line":354},"21":{"loc":{"start":{"line":356,"column":2},"end":{"line":357,"column":24}},"type":"if","locations":[{"start":{"line":356,"column":2},"end":{"line":357,"column":24}},{"start":{},"end":{}}],"line":356},"22":{"loc":{"start":{"line":356,"column":6},"end":{"line":356,"column":80}},"type":"binary-expr","locations":[{"start":{"line":356,"column":6},"end":{"line":356,"column":44}},{"start":{"line":356,"column":48},"end":{"line":356,"column":80}}],"line":356},"23":{"loc":{"start":{"line":358,"column":2},"end":{"line":379,"column":3}},"type":"if","locations":[{"start":{"line":358,"column":2},"end":{"line":379,"column":3}},{"start":{"line":376,"column":2},"end":{"line":379,"column":3}}],"line":358},"24":{"loc":{"start":{"line":360,"column":4},"end":{"line":373,"column":5}},"type":"if","locations":[{"start":{"line":360,"column":4},"end":{"line":373,"column":5}},{"start":{"line":362,"column":9},"end":{"line":373,"column":5}}],"line":360},"25":{"loc":{"start":{"line":362,"column":9},"end":{"line":373,"column":5}},"type":"if","locations":[{"start":{"line":362,"column":9},"end":{"line":373,"column":5}},{"start":{"line":364,"column":9},"end":{"line":373,"column":5}}],"line":362},"26":{"loc":{"start":{"line":364,"column":9},"end":{"line":373,"column":5}},"type":"if","locations":[{"start":{"line":364,"column":9},"end":{"line":373,"column":5}},{"start":{"line":366,"column":9},"end":{"line":373,"column":5}}],"line":364},"27":{"loc":{"start":{"line":366,"column":9},"end":{"line":373,"column":5}},"type":"if","locations":[{"start":{"line":366,"column":9},"end":{"line":373,"column":5}},{"start":{"line":368,"column":9},"end":{"line":373,"column":5}}],"line":366},"28":{"loc":{"start":{"line":366,"column":13},"end":{"line":366,"column":63}},"type":"binary-expr","locations":[{"start":{"line":366,"column":13},"end":{"line":366,"column":37}},{"start":{"line":366,"column":41},"end":{"line":366,"column":63}}],"line":366},"29":{"loc":{"start":{"line":368,"column":9},"end":{"line":373,"column":5}},"type":"if","locations":[{"start":{"line":368,"column":9},"end":{"line":373,"column":5}},{"start":{"line":370,"column":9},"end":{"line":373,"column":5}}],"line":368}},"s":{"0":0,"1":0,"2":0,"3":0,"4":0,"5":0,"6":0,"7":0,"8":0,"9":0,"10":0,"11":0,"12":0,"13":0,"14":0,"15":0,"16":0,"17":0,"18":0,"19":0,"20":0,"21":0,"22":0,"23":0,"24":0,"25":0,"26":0,"27":0,"28":0,"29":0,"30":0,"31":0,"32":0,"33":0,"34":0,"35":0,"36":0,"37":0,"38":0,"39":0,"40":0,"41":0,"42":0,"43":0,"44":0,"45":0,"46":0,"47":0,"48":0,"49":0,"50":0,"51":0,"52":0,"53":0,"54":0,"55":0,"56":0,"57":0,"58":0,"59":0,"60":0,"61":0,"62":0,"63":0,"64":0,"65":0,"66":0,"67":0,"68":0,"69":0,"70":0,"71":0,"72":0,"73":0,"74":0,"75":0,"76":0,"77":0,"78":0,"79":0,"80":0,"81":0,"82":0,"83":0,"84":0,"85":0,"86":0,"87":0,"88":0,"89":0,"90":0,"91":0,"92":0,"93":0,"94":0,"95":0,"96":0,"97":0,"98":0,"99":0,"100":0,"101":0,"102":0,"103":0,"104":0,"105":0,"106":0,"107":0,"108":0,"109":0,"110":0,"111":0,"112":0,"113":0,"114":0,"115":0,"116":0,"117":0,"118":0,"119":0,"120":0,"121":0,"122":0,"123":0,"124":0,"125":0,"126":0,"127":0,"128":0,"129":0,"130":0,"131":0,"132":0,"133":0,"134":0,"135":0},"f":{"0":0,"1":0,"2":0,"3":0,"4":0,"5":0,"6":0,"7":0,"8":0,"9":0,"10":0,"11":0,"12":0,"13":0,"14":0,"15":0,"16":0,"17":0,"18":0,"19":0,"20":0,"21":0},"b":{"0":[0,0],"1":[0,0],"2":[0,0],"3":[0,0],"4":[0,0],"5":[0,0,0],"6":[0,0],"7":[0,0,0],"8":[0,0,0],"9":[0,0,0],"10":[0,0],"11":[0,0,0],"12":[0,0],"13":[0,0],"14":[0,0],"15":[0,0],"16":[0,0],"17":[0,0],"18":[0,0],"19":[0,0],"20":[0,0],"21":[0,0],"22":[0,0],"23":[0,0],"24":[0,0],"25":[0,0],"26":[0,0],"27":[0,0],"28":[0,0],"29":[0,0]}}
,"C:\\Users\\malpr\\OneDrive\\Documents\\CPSC-270-Project\\Resources\\Pages\\MapMarker.js": {"path":"C:\\Users\\malpr\\OneDrive\\Documents\\CPSC-270-Project\\Resources\\Pages\\MapMarker.js","statementMap":{"0":{"start":{"line":7,"column":14},"end":{"line":7,"column":36}},"1":{"start":{"line":10,"column":17},"end":{"line":10,"column":36}},"2":{"start":{"line":13,"column":2},"end":{"line":15,"column":39}},"3":{"start":{"line":14,"column":4},"end":{"line":14,"column":55}},"4":{"start":{"line":17,"column":2},"end":{"line":35,"column":4}},"5":{"start":{"line":29,"column":20},"end":{"line":29,"column":78}},"6":{"start":{"line":32,"column":20},"end":{"line":32,"column":60}},"7":{"start":{"line":41,"column":2},"end":{"line":46,"column":4}},"8":{"start":{"line":50,"column":2},"end":{"line":50,"column":26}},"9":{"start":{"line":51,"column":2},"end":{"line":62,"column":4}},"10":{"start":{"line":55,"column":76},"end":{"line":55,"column":99}},"11":{"start":{"line":56,"column":95},"end":{"line":56,"column":127}},"12":{"start":{"line":57,"column":80},"end":{"line":57,"column":104}},"13":{"start":{"line":66,"column":2},"end":{"line":70,"column":4}},"14":{"start":{"line":73,"column":15},"end":{"line":88,"column":2}}},"fnMap":{"0":{"name":"MapMarker","decl":{"start":{"line":9,"column":9},"end":{"line":9,"column":18}},"loc":{"start":{"line":9,"column":40},"end":{"line":36,"column":1}},"line":9},"1":{"name":"(anonymous_1)","decl":{"start":{"line":13,"column":12},"end":{"line":13,"column":13}},"loc":{"start":{"line":13,"column":18},"end":{"line":15,"column":3}},"line":13},"2":{"name":"(anonymous_2)","decl":{"start":{"line":29,"column":9},"end":{"line":29,"column":10}},"loc":{"start":{"line":29,"column":20},"end":{"line":29,"column":78}},"line":29},"3":{"name":"(anonymous_3)","decl":{"start":{"line":32,"column":9},"end":{"line":32,"column":10}},"loc":{"start":{"line":32,"column":20},"end":{"line":32,"column":60}},"line":32},"4":{"name":"MenuButton","decl":{"start":{"line":40,"column":9},"end":{"line":40,"column":19}},"loc":{"start":{"line":40,"column":44},"end":{"line":47,"column":1}},"line":40},"5":{"name":"Overview","decl":{"start":{"line":49,"column":9},"end":{"line":49,"column":17}},"loc":{"start":{"line":49,"column":55},"end":{"line":63,"column":1}},"line":49},"6":{"name":"(anonymous_6)","decl":{"start":{"line":55,"column":70},"end":{"line":55,"column":71}},"loc":{"start":{"line":55,"column":76},"end":{"line":55,"column":99}},"line":55},"7":{"name":"(anonymous_7)","decl":{"start":{"line":56,"column":89},"end":{"line":56,"column":90}},"loc":{"start":{"line":56,"column":95},"end":{"line":56,"column":127}},"line":56},"8":{"name":"(anonymous_8)","decl":{"start":{"line":57,"column":74},"end":{"line":57,"column":75}},"loc":{"start":{"line":57,"column":80},"end":{"line":57,"column":104}},"line":57},"9":{"name":"FloorPlan","decl":{"start":{"line":65,"column":9},"end":{"line":65,"column":18}},"loc":{"start":{"line":65,"column":48},"end":{"line":71,"column":1}},"line":65}},"branchMap":{"0":{"loc":{"start":{"line":56,"column":9},"end":{"line":56,"column":133}},"type":"binary-expr","locations":[{"start":{"line":56,"column":9},"end":{"line":56,"column":25}},{"start":{"line":56,"column":31},"end":{"line":56,"column":131}}],"line":56}},"s":{"0":0,"1":0,"2":0,"3":0,"4":0,"5":0,"6":0,"7":0,"8":0,"9":0,"10":0,"11":0,"12":0,"13":0,"14":0},"f":{"0":0,"1":0,"2":0,"3":0,"4":0,"5":0,"6":0,"7":0,"8":0,"9":0},"b":{"0":[0,0]}}
,"C:\\Users\\malpr\\OneDrive\\Documents\\CPSC-270-Project\\Resources\\Pages\\PhoneEmailLinkDemo.js": {"path":"C:\\Users\\malpr\\OneDrive\\Documents\\CPSC-270-Project\\Resources\\Pages\\PhoneEmailLinkDemo.js","statementMap":{"0":{"start":{"line":4,"column":0},"end":{"line":7,"column":7}}},"fnMap":{},"branchMap":{},"s":{"0":0},"f":{},"b":{}}
,"C:\\Users\\malpr\\OneDrive\\Documents\\CPSC-270-Project\\Resources\\Pages\\ProfileOverlay.js": {"path":"C:\\Users\\malpr\\OneDrive\\Documents\\CPSC-270-Project\\Resources\\Pages\\ProfileOverlay.js","statementMap":{"0":{"start":{"line":18,"column":26},"end":{"line":18,"column":50}},"1":{"start":{"line":21,"column":2},"end":{"line":26,"column":4}},"2":{"start":{"line":31,"column":2},"end":{"line":31,"column":37}},"3":{"start":{"line":31,"column":25},"end":{"line":31,"column":37}},"4":{"start":{"line":34,"column":2},"end":{"line":39,"column":84}},"5":{"start":{"line":35,"column":4},"end":{"line":35,"column":30}},"6":{"start":{"line":36,"column":7},"end":{"line":39,"column":84}},"7":{"start":{"line":37,"column":4},"end":{"line":37,"column":83}},"8":{"start":{"line":39,"column":4},"end":{"line":39,"column":84}},"9":{"start":{"line":40,"column":2},"end":{"line":40,"column":40}},"10":{"start":{"line":42,"column":19},"end":{"line":42,"column":43}},"11":{"start":{"line":45,"column":20},"end":{"line":45,"column":47}},"12":{"start":{"line":47,"column":2},"end":{"line":65,"column":4}},"13":{"start":{"line":69,"column":15},"end":{"line":69,"column":40}},"14":{"start":{"line":70,"column":16},"end":{"line":70,"column":40}},"15":{"start":{"line":71,"column":25},"end":{"line":71,"column":51}},"16":{"start":{"line":72,"column":23},"end":{"line":72,"column":47}},"17":{"start":{"line":73,"column":19},"end":{"line":73,"column":39}},"18":{"start":{"line":74,"column":26},"end":{"line":74,"column":53}},"19":{"start":{"line":75,"column":19},"end":{"line":75,"column":39}},"20":{"start":{"line":76,"column":27},"end":{"line":76,"column":55}},"21":{"start":{"line":77,"column":24},"end":{"line":77,"column":49}},"22":{"start":{"line":78,"column":28},"end":{"line":78,"column":57}},"23":{"start":{"line":79,"column":29},"end":{"line":79,"column":59}},"24":{"start":{"line":81,"column":46},"end":{"line":81,"column":125}},"25":{"start":{"line":83,"column":25},"end":{"line":83,"column":42}},"26":{"start":{"line":85,"column":33},"end":{"line":94,"column":4}},"27":{"start":{"line":86,"column":4},"end":{"line":93,"column":6}},"28":{"start":{"line":96,"column":2},"end":{"line":133,"column":4}},"29":{"start":{"line":120,"column":14},"end":{"line":120,"column":39}},"30":{"start":{"line":136,"column":15},"end":{"line":241,"column":2}}},"fnMap":{"0":{"name":"ProfileInfo","decl":{"start":{"line":20,"column":9},"end":{"line":20,"column":20}},"loc":{"start":{"line":20,"column":35},"end":{"line":27,"column":1}},"line":20},"1":{"name":"StatBar","decl":{"start":{"line":30,"column":9},"end":{"line":30,"column":16}},"loc":{"start":{"line":30,"column":125},"end":{"line":66,"column":1}},"line":30},"2":{"name":"ProfileOverlay","decl":{"start":{"line":68,"column":9},"end":{"line":68,"column":23}},"loc":{"start":{"line":68,"column":26},"end":{"line":134,"column":1}},"line":68},"3":{"name":"(anonymous_3)","decl":{"start":{"line":85,"column":50},"end":{"line":85,"column":51}},"loc":{"start":{"line":85,"column":56},"end":{"line":94,"column":3}},"line":85},"4":{"name":"(anonymous_4)","decl":{"start":{"line":119,"column":66},"end":{"line":119,"column":67}},"loc":{"start":{"line":119,"column":72},"end":{"line":121,"column":13}},"line":119}},"branchMap":{"0":{"loc":{"start":{"line":30,"column":38},"end":{"line":30,"column":55}},"type":"default-arg","locations":[{"start":{"line":30,"column":51},"end":{"line":30,"column":55}}],"line":30},"1":{"loc":{"start":{"line":30,"column":57},"end":{"line":30,"column":68}},"type":"default-arg","locations":[{"start":{"line":30,"column":66},"end":{"line":30,"column":68}}],"line":30},"2":{"loc":{"start":{"line":30,"column":70},"end":{"line":30,"column":81}},"type":"default-arg","locations":[{"start":{"line":30,"column":79},"end":{"line":30,"column":81}}],"line":30},"3":{"loc":{"start":{"line":30,"column":83},"end":{"line":30,"column":121}},"type":"default-arg","locations":[{"start":{"line":30,"column":96},"end":{"line":30,"column":121}}],"line":30},"4":{"loc":{"start":{"line":31,"column":2},"end":{"line":31,"column":37}},"type":"if","locations":[{"start":{"line":31,"column":2},"end":{"line":31,"column":37}},{"start":{},"end":{}}],"line":31},"5":{"loc":{"start":{"line":34,"column":2},"end":{"line":39,"column":84}},"type":"if","locations":[{"start":{"line":34,"column":2},"end":{"line":39,"column":84}},{"start":{"line":36,"column":7},"end":{"line":39,"column":84}}],"line":34},"6":{"loc":{"start":{"line":34,"column":6},"end":{"line":34,"column":77}},"type":"binary-expr","locations":[{"start":{"line":34,"column":6},"end":{"line":34,"column":39}},{"start":{"line":34,"column":43},"end":{"line":34,"column":77}}],"line":34},"7":{"loc":{"start":{"line":36,"column":7},"end":{"line":39,"column":84}},"type":"if","locations":[{"start":{"line":36,"column":7},"end":{"line":39,"column":84}},{"start":{"line":39,"column":4},"end":{"line":39,"column":84}}],"line":36},"8":{"loc":{"start":{"line":45,"column":20},"end":{"line":45,"column":47}},"type":"cond-expr","locations":[{"start":{"line":45,"column":32},"end":{"line":45,"column":43}},{"start":{"line":45,"column":46},"end":{"line":45,"column":47}}],"line":45},"9":{"loc":{"start":{"line":52,"column":34},"end":{"line":52,"column":77}},"type":"binary-expr","locations":[{"start":{"line":52,"column":34},"end":{"line":52,"column":44}},{"start":{"line":52,"column":49},"end":{"line":52,"column":76}}],"line":52},"10":{"loc":{"start":{"line":81,"column":61},"end":{"line":81,"column":124}},"type":"binary-expr","locations":[{"start":{"line":81,"column":61},"end":{"line":81,"column":93}},{"start":{"line":81,"column":97},"end":{"line":81,"column":124}}],"line":81},"11":{"loc":{"start":{"line":103,"column":11},"end":{"line":110,"column":11}},"type":"binary-expr","locations":[{"start":{"line":103,"column":11},"end":{"line":103,"column":19}},{"start":{"line":104,"column":12},"end":{"line":109,"column":19}}],"line":103},"12":{"loc":{"start":{"line":113,"column":54},"end":{"line":113,"column":73}},"type":"cond-expr","locations":[{"start":{"line":113,"column":65},"end":{"line":113,"column":67}},{"start":{"line":113,"column":70},"end":{"line":113,"column":73}}],"line":113},"13":{"loc":{"start":{"line":114,"column":9},"end":{"line":125,"column":9}},"type":"binary-expr","locations":[{"start":{"line":114,"column":9},"end":{"line":114,"column":17}},{"start":{"line":114,"column":21},"end":{"line":114,"column":35}},{"start":{"line":115,"column":10},"end":{"line":124,"column":26}}],"line":114}},"s":{"0":0,"1":0,"2":0,"3":0,"4":0,"5":0,"6":0,"7":0,"8":0,"9":0,"10":0,"11":0,"12":0,"13":0,"14":0,"15":0,"16":0,"17":0,"18":0,"19":0,"20":0,"21":0,"22":0,"23":0,"24":0,"25":0,"26":0,"27":0,"28":0,"29":0,"30":0},"f":{"0":0,"1":0,"2":0,"3":0,"4":0},"b":{"0":[0],"1":[0],"2":[0],"3":[0],"4":[0,0],"5":[0,0],"6":[0,0],"7":[0,0],"8":[0,0],"9":[0,0],"10":[0,0],"11":[0,0],"12":[0,0],"13":[0,0,0]}}
,"C:\\Users\\malpr\\OneDrive\\Documents\\CPSC-270-Project\\Resources\\Pages\\RoundedRectDemo.js": {"path":"C:\\Users\\malpr\\OneDrive\\Documents\\CPSC-270-Project\\Resources\\Pages\\RoundedRectDemo.js","statementMap":{"0":{"start":{"line":5,"column":19},"end":{"line":41,"column":1}},"1":{"start":{"line":6,"column":2},"end":{"line":40,"column":4}},"2":{"start":{"line":43,"column":15},"end":{"line":63,"column":2}}},"fnMap":{"0":{"name":"(anonymous_0)","decl":{"start":{"line":5,"column":19},"end":{"line":5,"column":20}},"loc":{"start":{"line":5,"column":25},"end":{"line":41,"column":1}},"line":5}},"branchMap":{},"s":{"0":0,"1":0,"2":0},"f":{"0":0},"b":{}}
,"C:\\Users\\malpr\\OneDrive\\Documents\\CPSC-270-Project\\Resources\\Pages\\SafetyInfo.js": {"path":"C:\\Users\\malpr\\OneDrive\\Documents\\CPSC-270-Project\\Resources\\Pages\\SafetyInfo.js","statementMap":{"0":{"start":{"line":8,"column":19},"end":{"line":79,"column":1}},"1":{"start":{"line":9,"column":2},"end":{"line":78,"column":4}},"2":{"start":{"line":81,"column":15},"end":{"line":99,"column":2}}},"fnMap":{"0":{"name":"(anonymous_0)","decl":{"start":{"line":8,"column":19},"end":{"line":8,"column":20}},"loc":{"start":{"line":8,"column":25},"end":{"line":79,"column":1}},"line":8}},"branchMap":{},"s":{"0":0,"1":0,"2":0},"f":{"0":0},"b":{}}
,"C:\\Users\\malpr\\OneDrive\\Documents\\CPSC-270-Project\\Resources\\Profile\\Profile.js": {"path":"C:\\Users\\malpr\\OneDrive\\Documents\\CPSC-270-Project\\Resources\\Profile\\Profile.js","statementMap":{"0":{"start":{"line":9,"column":26},"end":{"line":9,"column":28}},"1":{"start":{"line":11,"column":0},"end":{"line":31,"column":2}},"2":{"start":{"line":32,"column":0},"end":{"line":36,"column":1}},"3":{"start":{"line":39,"column":2},"end":{"line":51,"column":4}},"4":{"start":{"line":41,"column":32},"end":{"line":41,"column":73}}},"fnMap":{"0":{"name":"ProfileButton","decl":{"start":{"line":38,"column":9},"end":{"line":38,"column":22}},"loc":{"start":{"line":38,"column":25},"end":{"line":52,"column":1}},"line":38},"1":{"name":"(anonymous_1)","decl":{"start":{"line":41,"column":26},"end":{"line":41,"column":27}},"loc":{"start":{"line":41,"column":32},"end":{"line":41,"column":73}},"line":41}},"branchMap":{},"s":{"0":0,"1":0,"2":0,"3":0,"4":0},"f":{"0":0,"1":0},"b":{}}
,"C:\\Users\\malpr\\OneDrive\\Documents\\CPSC-270-Project\\Resources\\Profile\\ProfileButton.js": {"path":"C:\\Users\\malpr\\OneDrive\\Documents\\CPSC-270-Project\\Resources\\Profile\\ProfileButton.js","statementMap":{"0":{"start":{"line":16,"column":26},"end":{"line":16,"column":28}},"1":{"start":{"line":17,"column":34},"end":{"line":17,"column":36}},"2":{"start":{"line":18,"column":13},"end":{"line":18,"column":17}},"3":{"start":{"line":20,"column":26},"end":{"line":20,"column":50}},"4":{"start":{"line":22,"column":15},"end":{"line":69,"column":1}},"5":{"start":{"line":73,"column":2},"end":{"line":73,"column":59}},"6":{"start":{"line":80,"column":18},"end":{"line":86,"column":1}},"7":{"start":{"line":82,"column":2},"end":{"line":82,"column":11}},"8":{"start":{"line":83,"column":2},"end":{"line":83,"column":32}},"9":{"start":{"line":83,"column":13},"end":{"line":83,"column":32}},"10":{"start":{"line":84,"column":2},"end":{"line":84,"column":6}},"11":{"start":{"line":85,"column":2},"end":{"line":85,"column":34}},"12":{"start":{"line":88,"column":20},"end":{"line":93,"column":1}},"13":{"start":{"line":90,"column":10},"end":{"line":90,"column":46}},"14":{"start":{"line":91,"column":10},"end":{"line":91,"column":46}},"15":{"start":{"line":92,"column":2},"end":{"line":92,"column":16}},"16":{"start":{"line":96,"column":31},"end":{"line":101,"column":4}},"17":{"start":{"line":97,"column":4},"end":{"line":100,"column":6}},"18":{"start":{"line":103,"column":34},"end":{"line":108,"column":4}},"19":{"start":{"line":104,"column":4},"end":{"line":107,"column":6}},"20":{"start":{"line":110,"column":2},"end":{"line":117,"column":4}},"21":{"start":{"line":121,"column":22},"end":{"line":121,"column":47}},"22":{"start":{"line":123,"column":22},"end":{"line":123,"column":43}},"23":{"start":{"line":124,"column":18},"end":{"line":124,"column":35}},"24":{"start":{"line":126,"column":23},"end":{"line":156,"column":4}},"25":{"start":{"line":128,"column":6},"end":{"line":128,"column":23}},"26":{"start":{"line":131,"column":6},"end":{"line":131,"column":70}},"27":{"start":{"line":132,"column":6},"end":{"line":132,"column":23}},"28":{"start":{"line":135,"column":6},"end":{"line":147,"column":7}},"29":{"start":{"line":136,"column":8},"end":{"line":136,"column":132}},"30":{"start":{"line":137,"column":8},"end":{"line":137,"column":33}},"31":{"start":{"line":138,"column":8},"end":{"line":138,"column":33}},"32":{"start":{"line":139,"column":13},"end":{"line":147,"column":7}},"33":{"start":{"line":140,"column":8},"end":{"line":140,"column":129}},"34":{"start":{"line":141,"column":8},"end":{"line":141,"column":34}},"35":{"start":{"line":142,"column":8},"end":{"line":142,"column":18}},"36":{"start":{"line":144,"column":8},"end":{"line":144,"column":132}},"37":{"start":{"line":145,"column":8},"end":{"line":145,"column":33}},"38":{"start":{"line":146,"column":8},"end":{"line":146,"column":33}},"39":{"start":{"line":150,"column":6},"end":{"line":154,"column":7}},"40":{"start":{"line":151,"column":8},"end":{"line":151,"column":130}},"41":{"start":{"line":152,"column":8},"end":{"line":152,"column":33}},"42":{"start":{"line":153,"column":8},"end":{"line":153,"column":33}},"43":{"start":{"line":158,"column":37},"end":{"line":174,"column":4}},"44":{"start":{"line":159,"column":28},"end":{"line":159,"column":62}},"45":{"start":{"line":160,"column":18},"end":{"line":160,"column":95}},"46":{"start":{"line":161,"column":18},"end":{"line":161,"column":64}},"47":{"start":{"line":162,"column":22},"end":{"line":163,"column":80}},"48":{"start":{"line":164,"column":23},"end":{"line":164,"column":83}},"49":{"start":{"line":166,"column":4},"end":{"line":173,"column":6}},"50":{"start":{"line":176,"column":41},"end":{"line":183,"column":4}},"51":{"start":{"line":177,"column":28},"end":{"line":177,"column":57}},"52":{"start":{"line":178,"column":16},"end":{"line":178,"column":60}},"53":{"start":{"line":179,"column":4},"end":{"line":182,"column":6}},"54":{"start":{"line":185,"column":2},"end":{"line":203,"column":4}}},"fnMap":{"0":{"name":"clamp","decl":{"start":{"line":71,"column":9},"end":{"line":71,"column":14}},"loc":{"start":{"line":71,"column":46},"end":{"line":74,"column":1}},"line":71},"1":{"name":"(anonymous_1)","decl":{"start":{"line":80,"column":18},"end":{"line":80,"column":19}},"loc":{"start":{"line":80,"column":34},"end":{"line":86,"column":1}},"line":80},"2":{"name":"(anonymous_2)","decl":{"start":{"line":88,"column":20},"end":{"line":88,"column":21}},"loc":{"start":{"line":88,"column":55},"end":{"line":93,"column":1}},"line":88},"3":{"name":"RenderOverlay","decl":{"start":{"line":95,"column":9},"end":{"line":95,"column":22}},"loc":{"start":{"line":95,"column":47},"end":{"line":118,"column":1}},"line":95},"4":{"name":"(anonymous_4)","decl":{"start":{"line":96,"column":48},"end":{"line":96,"column":49}},"loc":{"start":{"line":96,"column":54},"end":{"line":101,"column":3}},"line":96},"5":{"name":"(anonymous_5)","decl":{"start":{"line":103,"column":51},"end":{"line":103,"column":52}},"loc":{"start":{"line":103,"column":57},"end":{"line":108,"column":3}},"line":103},"6":{"name":"ProfileButton","decl":{"start":{"line":120,"column":9},"end":{"line":120,"column":22}},"loc":{"start":{"line":120,"column":37},"end":{"line":204,"column":1}},"line":120},"7":{"name":"(anonymous_7)","decl":{"start":{"line":127,"column":13},"end":{"line":127,"column":14}},"loc":{"start":{"line":127,"column":29},"end":{"line":129,"column":5}},"line":127},"8":{"name":"(anonymous_8)","decl":{"start":{"line":130,"column":14},"end":{"line":130,"column":15}},"loc":{"start":{"line":130,"column":30},"end":{"line":133,"column":5}},"line":130},"9":{"name":"(anonymous_9)","decl":{"start":{"line":134,"column":11},"end":{"line":134,"column":12}},"loc":{"start":{"line":134,"column":27},"end":{"line":148,"column":5}},"line":134},"10":{"name":"(anonymous_10)","decl":{"start":{"line":149,"column":14},"end":{"line":149,"column":15}},"loc":{"start":{"line":149,"column":30},"end":{"line":155,"column":5}},"line":149},"11":{"name":"(anonymous_11)","decl":{"start":{"line":158,"column":54},"end":{"line":158,"column":55}},"loc":{"start":{"line":158,"column":60},"end":{"line":174,"column":3}},"line":158},"12":{"name":"(anonymous_12)","decl":{"start":{"line":176,"column":58},"end":{"line":176,"column":59}},"loc":{"start":{"line":176,"column":64},"end":{"line":183,"column":3}},"line":176}},"branchMap":{"0":{"loc":{"start":{"line":83,"column":2},"end":{"line":83,"column":32}},"type":"if","locations":[{"start":{"line":83,"column":2},"end":{"line":83,"column":32}},{"start":{},"end":{}}],"line":83},"1":{"loc":{"start":{"line":106,"column":21},"end":{"line":106,"column":60}},"type":"cond-expr","locations":[{"start":{"line":106,"column":41},"end":{"line":106,"column":51}},{"start":{"line":106,"column":54},"end":{"line":106,"column":60}}],"line":106},"2":{"loc":{"start":{"line":131,"column":45},"end":{"line":131,"column":55}},"type":"binary-expr","locations":[{"start":{"line":131,"column":45},"end":{"line":131,"column":50}},{"start":{"line":131,"column":54},"end":{"line":131,"column":55}}],"line":131},"3":{"loc":{"start":{"line":135,"column":6},"end":{"line":147,"column":7}},"type":"if","locations":[{"start":{"line":135,"column":6},"end":{"line":147,"column":7}},{"start":{"line":139,"column":13},"end":{"line":147,"column":7}}],"line":135},"4":{"loc":{"start":{"line":135,"column":10},"end":{"line":135,"column":52}},"type":"binary-expr","locations":[{"start":{"line":135,"column":10},"end":{"line":135,"column":28}},{"start":{"line":135,"column":32},"end":{"line":135,"column":52}}],"line":135},"5":{"loc":{"start":{"line":139,"column":13},"end":{"line":147,"column":7}},"type":"if","locations":[{"start":{"line":139,"column":13},"end":{"line":147,"column":7}},{"start":{"line":143,"column":13},"end":{"line":147,"column":7}}],"line":139},"6":{"loc":{"start":{"line":150,"column":6},"end":{"line":154,"column":7}},"type":"if","locations":[{"start":{"line":150,"column":6},"end":{"line":154,"column":7}},{"start":{},"end":{}}],"line":150},"7":{"loc":{"start":{"line":150,"column":10},"end":{"line":150,"column":42}},"type":"binary-expr","locations":[{"start":{"line":150,"column":10},"end":{"line":150,"column":20}},{"start":{"line":150,"column":24},"end":{"line":150,"column":42}}],"line":150},"8":{"loc":{"start":{"line":162,"column":22},"end":{"line":163,"column":80}},"type":"cond-expr","locations":[{"start":{"line":162,"column":50},"end":{"line":162,"column":53}},{"start":{"line":163,"column":8},"end":{"line":163,"column":80}}],"line":162},"9":{"loc":{"start":{"line":164,"column":23},"end":{"line":164,"column":83}},"type":"cond-expr","locations":[{"start":{"line":164,"column":51},"end":{"line":164,"column":79}},{"start":{"line":164,"column":82},"end":{"line":164,"column":83}}],"line":164},"10":{"loc":{"start":{"line":181,"column":21},"end":{"line":181,"column":66}},"type":"cond-expr","locations":[{"start":{"line":181,"column":47},"end":{"line":181,"column":57}},{"start":{"line":181,"column":60},"end":{"line":181,"column":66}}],"line":181}},"s":{"0":0,"1":0,"2":0,"3":0,"4":0,"5":0,"6":0,"7":0,"8":0,"9":0,"10":0,"11":0,"12":0,"13":0,"14":0,"15":0,"16":0,"17":0,"18":0,"19":0,"20":0,"21":0,"22":0,"23":0,"24":0,"25":0,"26":0,"27":0,"28":0,"29":0,"30":0,"31":0,"32":0,"33":0,"34":0,"35":0,"36":0,"37":0,"38":0,"39":0,"40":0,"41":0,"42":0,"43":0,"44":0,"45":0,"46":0,"47":0,"48":0,"49":0,"50":0,"51":0,"52":0,"53":0,"54":0},"f":{"0":0,"1":0,"2":0,"3":0,"4":0,"5":0,"6":0,"7":0,"8":0,"9":0,"10":0,"11":0,"12":0},"b":{"0":[0,0],"1":[0,0],"2":[0,0],"3":[0,0],"4":[0,0],"5":[0,0],"6":[0,0],"7":[0,0],"8":[0,0],"9":[0,0],"10":[0,0]}}
,"C:\\Users\\malpr\\OneDrive\\Documents\\CPSC-270-Project\\Resources\\Profile\\ProfileData.js": {"path":"C:\\Users\\malpr\\OneDrive\\Documents\\CPSC-270-Project\\Resources\\Profile\\ProfileData.js","statementMap":{"0":{"start":{"line":3,"column":20},"end":{"line":92,"column":1}},"1":{"start":{"line":11,"column":26},"end":{"line":11,"column":94}},"2":{"start":{"line":12,"column":29},"end":{"line":12,"column":73}}},"fnMap":{"0":{"name":"(anonymous_0)","decl":{"start":{"line":11,"column":14},"end":{"line":11,"column":15}},"loc":{"start":{"line":11,"column":25},"end":{"line":11,"column":95}},"line":11},"1":{"name":"(anonymous_1)","decl":{"start":{"line":12,"column":17},"end":{"line":12,"column":18}},"loc":{"start":{"line":12,"column":28},"end":{"line":12,"column":74}},"line":12}},"branchMap":{},"s":{"0":0,"1":0,"2":0},"f":{"0":0,"1":0},"b":{}}
,"C:\\Users\\malpr\\OneDrive\\Documents\\CPSC-270-Project\\Resources\\Shared\\styles.js": {"path":"C:\\Users\\malpr\\OneDrive\\Documents\\CPSC-270-Project\\Resources\\Shared\\styles.js","statementMap":{"0":{"start":{"line":3,"column":21},"end":{"line":3,"column":30}},"1":{"start":{"line":4,"column":22},"end":{"line":4,"column":31}},"2":{"start":{"line":5,"column":24},"end":{"line":5,"column":33}},"3":{"start":{"line":6,"column":23},"end":{"line":6,"column":32}},"4":{"start":{"line":7,"column":22},"end":{"line":7,"column":31}},"5":{"start":{"line":8,"column":22},"end":{"line":8,"column":31}},"6":{"start":{"line":9,"column":21},"end":{"line":9,"column":30}},"7":{"start":{"line":10,"column":22},"end":{"line":10,"column":31}},"8":{"start":{"line":11,"column":27},"end":{"line":11,"column":36}},"9":{"start":{"line":12,"column":28},"end":{"line":12,"column":31}},"10":{"start":{"line":14,"column":21},"end":{"line":39,"column":2}}},"fnMap":{},"branchMap":{},"s":{"0":0,"1":0,"2":0,"3":0,"4":0,"5":0,"6":0,"7":0,"8":0,"9":0,"10":0},"f":{},"b":{}}
,"C:\\Users\\malpr\\OneDrive\\Documents\\CPSC-270-Project\\Resources\\Shared\\Loading\\ImageLoader.js": {"path":"C:\\Users\\malpr\\OneDrive\\Documents\\CPSC-270-Project\\Resources\\Shared\\Loading\\ImageLoader.js","statementMap":{"0":{"start":{"line":6,"column":20},"end":{"line":8,"column":1}},"1":{"start":{"line":7,"column":2},"end":{"line":7,"column":71}},"2":{"start":{"line":10,"column":20},"end":{"line":56,"column":1}},"3":{"start":{"line":11,"column":44},"end":{"line":11,"column":67}},"4":{"start":{"line":14,"column":2},"end":{"line":25,"column":28}},"5":{"start":{"line":15,"column":4},"end":{"line":24,"column":5}},"6":{"start":{"line":16,"column":18},"end":{"line":20,"column":18}},"7":{"start":{"line":21,"column":6},"end":{"line":23,"column":52}},"8":{"start":{"line":22,"column":20},"end":{"line":22,"column":44}},"9":{"start":{"line":23,"column":21},"end":{"line":23,"column":50}},"10":{"start":{"line":28,"column":22},"end":{"line":53,"column":3}},"11":{"start":{"line":29,"column":4},"end":{"line":52,"column":5}},"12":{"start":{"line":30,"column":6},"end":{"line":42,"column":7}},"13":{"start":{"line":31,"column":8},"end":{"line":33,"column":10}},"14":{"start":{"line":35,"column":8},"end":{"line":41,"column":10}},"15":{"start":{"line":43,"column":11},"end":{"line":52,"column":5}},"16":{"start":{"line":44,"column":6},"end":{"line":47,"column":9}},"17":{"start":{"line":49,"column":6},"end":{"line":51,"column":8}},"18":{"start":{"line":55,"column":2},"end":{"line":55,"column":23}},"19":{"start":{"line":58,"column":15},"end":{"line":62,"column":2}}},"fnMap":{"0":{"name":"(anonymous_0)","decl":{"start":{"line":6,"column":20},"end":{"line":6,"column":21}},"loc":{"start":{"line":6,"column":29},"end":{"line":8,"column":1}},"line":6},"1":{"name":"(anonymous_1)","decl":{"start":{"line":10,"column":20},"end":{"line":10,"column":21}},"loc":{"start":{"line":10,"column":81},"end":{"line":56,"column":1}},"line":10},"2":{"name":"(anonymous_2)","decl":{"start":{"line":14,"column":12},"end":{"line":14,"column":13}},"loc":{"start":{"line":14,"column":18},"end":{"line":25,"column":3}},"line":14},"3":{"name":"(anonymous_3)","decl":{"start":{"line":22,"column":14},"end":{"line":22,"column":15}},"loc":{"start":{"line":22,"column":20},"end":{"line":22,"column":44}},"line":22},"4":{"name":"(anonymous_4)","decl":{"start":{"line":23,"column":15},"end":{"line":23,"column":16}},"loc":{"start":{"line":23,"column":21},"end":{"line":23,"column":50}},"line":23},"5":{"name":"(anonymous_5)","decl":{"start":{"line":28,"column":22},"end":{"line":28,"column":23}},"loc":{"start":{"line":28,"column":28},"end":{"line":53,"column":3}},"line":28}},"branchMap":{"0":{"loc":{"start":{"line":7,"column":9},"end":{"line":7,"column":70}},"type":"binary-expr","locations":[{"start":{"line":7,"column":9},"end":{"line":7,"column":32}},{"start":{"line":7,"column":36},"end":{"line":7,"column":70}}],"line":7},"1":{"loc":{"start":{"line":15,"column":4},"end":{"line":24,"column":5}},"type":"if","locations":[{"start":{"line":15,"column":4},"end":{"line":24,"column":5}},{"start":{},"end":{}}],"line":15},"2":{"loc":{"start":{"line":16,"column":18},"end":{"line":20,"column":18}},"type":"cond-expr","locations":[{"start":{"line":17,"column":10},"end":{"line":17,"column":16}},{"start":{"line":18,"column":10},"end":{"line":20,"column":18}}],"line":16},"3":{"loc":{"start":{"line":18,"column":10},"end":{"line":20,"column":18}},"type":"cond-expr","locations":[{"start":{"line":19,"column":12},"end":{"line":19,"column":48}},{"start":{"line":20,"column":12},"end":{"line":20,"column":18}}],"line":18},"4":{"loc":{"start":{"line":29,"column":4},"end":{"line":52,"column":5}},"type":"if","locations":[{"start":{"line":29,"column":4},"end":{"line":52,"column":5}},{"start":{"line":43,"column":11},"end":{"line":52,"column":5}}],"line":29},"5":{"loc":{"start":{"line":30,"column":6},"end":{"line":42,"column":7}},"type":"if","locations":[{"start":{"line":30,"column":6},"end":{"line":42,"column":7}},{"start":{"line":34,"column":13},"end":{"line":42,"column":7}}],"line":30},"6":{"loc":{"start":{"line":43,"column":11},"end":{"line":52,"column":5}},"type":"if","locations":[{"start":{"line":43,"column":11},"end":{"line":52,"column":5}},{"start":{"line":48,"column":11},"end":{"line":52,"column":5}}],"line":43}},"s":{"0":0,"1":0,"2":0,"3":0,"4":0,"5":0,"6":0,"7":0,"8":0,"9":0,"10":0,"11":0,"12":0,"13":0,"14":0,"15":0,"16":0,"17":0,"18":0,"19":0},"f":{"0":0,"1":0,"2":0,"3":0,"4":0,"5":0},"b":{"0":[0,0],"1":[0,0],"2":[0,0],"3":[0,0],"4":[0,0],"5":[0,0],"6":[0,0]}}
}
