TN:
SF:App.js
FN:8,App
FNF:1
FNH:0
FNDA:0,App
DA:9,0
LF:1
LH:0
BRF:0
BRH:0
end_of_record
TN:
SF:metro.config.js
FN:3,(anonymous_0)
FN:13,(anonymous_1)
FNF:2
FNH:0
FNDA:0,(anonymous_0)
FNDA:0,(anonymous_1)
DA:1,0
DA:3,0
DA:6,0
DA:7,0
DA:13,0
LF:5
LH:0
BRF:0
BRH:0
end_of_record
TN:
SF:Resources\Calendar.js
FN:24,CalendarStack
FN:36,CalendarPage
FN:38,(anonymous_2)
FN:47,(anonymous_3)
FN:51,(anonymous_4)
FN:59,(anonymous_5)
FNF:6
FNH:0
FNDA:0,CalendarStack
FNDA:0,CalendarPage
FNDA:0,(anonymous_2)
FNDA:0,(anonymous_3)
FNDA:0,(anonymous_4)
FNDA:0,(anonymous_5)
DA:16,0
DA:22,0
DA:26,0
DA:37,0
DA:38,0
DA:39,0
DA:48,0
DA:52,0
DA:59,0
DA:68,0
LF:10
LH:0
BRF:0
BRH:0
end_of_record
TN:
SF:Resources\CustomTab.js
FN:4,(anonymous_0)
FNF:1
FNH:0
FNDA:0,(anonymous_0)
DA:4,0
DA:5,0
DA:14,0
LF:3
LH:0
BRF:0
BRH:0
end_of_record
TN:
SF:Resources\DirectoryList.js
FN:6,(anonymous_0)
FN:9,(anonymous_1)
FN:13,(anonymous_2)
FNF:3
FNH:0
FNDA:0,(anonymous_0)
FNDA:0,(anonymous_1)
FNDA:0,(anonymous_2)
DA:6,0
DA:7,0
DA:10,0
DA:13,0
DA:25,0
LF:5
LH:0
BRF:0
BRH:0
end_of_record
TN:
SF:Resources\Menus.js
FN:73,RenderMealItems
FN:78,(anonymous_1)
FN:87,RenderMeal
FN:92,(anonymous_3)
FN:102,RenderDay
FN:108,(anonymous_5)
FN:109,(anonymous_6)
FN:120,convertLocationToMenu
FN:136,RenderLocationMenu
FN:144,RenderDiningLocationButton
FN:148,(anonymous_10)
FN:155,DiningPage
FN:159,handleLocationPress
FNF:13
FNH:11
FNDA:6,RenderMealItems
FNDA:24,(anonymous_1)
FNDA:6,RenderMeal
FNDA:6,(anonymous_3)
FNDA:1,RenderDay
FNDA:6,(anonymous_5)
FNDA:6,(anonymous_6)
FNDA:1,convertLocationToMenu
FNDA:1,RenderLocationMenu
FNDA:3,RenderDiningLocationButton
FNDA:0,(anonymous_10)
FNDA:1,DiningPage
FNDA:0,handleLocationPress
DA:4,1
DA:29,1
DA:51,1
DA:74,6
DA:79,24
DA:88,6
DA:93,6
DA:103,1
DA:108,6
DA:110,6
DA:122,1
DA:124,1
DA:125,1
DA:127,0
DA:128,0
DA:130,0
DA:131,0
DA:133,1
DA:137,1
DA:138,1
DA:139,1
DA:145,3
DA:148,0
DA:157,1
DA:160,0
DA:162,1
DA:174,1
LF:27
LH:21
BRDA:122,0,0,1
BRDA:122,0,1,0
BRDA:122,0,2,0
BRDA:147,1,0,1
BRDA:147,1,1,2
BRDA:150,2,0,1
BRDA:150,2,1,2
BRF:7
BRH:5
end_of_record
TN:
SF:Resources\NavBar.js
FN:23,(anonymous_0)
FN:28,HomeButton
FN:34,(anonymous_2)
FN:39,NavBar
FN:51,(anonymous_4)
FN:54,(anonymous_5)
FN:59,(anonymous_6)
FN:71,(anonymous_7)
FN:91,(anonymous_8)
FN:114,(anonymous_9)
FNF:10
FNH:0
FNDA:0,(anonymous_0)
FNDA:0,HomeButton
FNDA:0,(anonymous_2)
FNDA:0,NavBar
FNDA:0,(anonymous_4)
FNDA:0,(anonymous_5)
FNDA:0,(anonymous_6)
FNDA:0,(anonymous_7)
FNDA:0,(anonymous_8)
FNDA:0,(anonymous_9)
DA:23,0
DA:25,0
DA:26,0
DA:29,0
DA:34,0
DA:40,0
DA:52,0
DA:54,0
DA:60,0
DA:66,0
DA:68,0
DA:74,0
DA:76,0
DA:77,0
DA:79,0
DA:80,0
DA:82,0
DA:83,0
DA:85,0
DA:86,0
DA:89,0
DA:92,0
DA:93,0
DA:114,0
LF:24
LH:0
BRDA:60,0,0,0
BRDA:60,0,1,0
BRDA:74,1,0,0
BRDA:74,1,1,0
BRDA:74,1,2,0
BRDA:74,1,3,0
BRDA:76,2,0,0
BRDA:76,2,1,0
BRDA:79,3,0,0
BRDA:79,3,1,0
BRDA:82,4,0,0
BRDA:82,4,1,0
BRDA:85,5,0,0
BRDA:85,5,1,0
BRDA:92,6,0,0
BRDA:92,6,1,0
BRF:16
BRH:0
end_of_record
TN:
SF:Resources\PhoneEmailComponents.js
FN:4,(anonymous_0)
FN:5,(anonymous_1)
FN:16,(anonymous_2)
FN:17,(anonymous_3)
FNF:4
FNH:0
FNDA:0,(anonymous_0)
FNDA:0,(anonymous_1)
FNDA:0,(anonymous_2)
FNDA:0,(anonymous_3)
DA:4,0
DA:5,0
DA:6,0
DA:9,0
DA:16,0
DA:17,0
DA:18,0
DA:21,0
DA:28,0
LF:9
LH:0
BRF:0
BRH:0
end_of_record
TN:
SF:Resources\RoundedRect.js
FN:21,(anonymous_0)
FN:32,(anonymous_1)
FN:39,(anonymous_2)
FN:72,(anonymous_3)
FN:76,(anonymous_4)
FNF:5
FNH:0
FNDA:0,(anonymous_0)
FNDA:0,(anonymous_1)
FNDA:0,(anonymous_2)
FNDA:0,(anonymous_3)
FNDA:0,(anonymous_4)
DA:14,0
DA:18,0
DA:21,0
DA:28,0
DA:29,0
DA:32,0
DA:33,0
DA:34,0
DA:39,0
DA:40,0
DA:41,0
DA:45,0
DA:72,0
DA:73,0
DA:77,0
DA:86,0
LF:16
LH:0
BRDA:14,0,0,0
BRDA:14,0,1,0
BRDA:15,1,0,0
BRDA:15,1,1,0
BRDA:23,2,0,0
BRDA:24,3,0,0
BRDA:25,4,0,0
BRDA:40,5,0,0
BRDA:40,5,1,0
BRDA:53,6,0,0
BRDA:53,6,1,0
BRDA:57,7,0,0
BRDA:57,7,1,0
BRDA:63,8,0,0
BRDA:63,8,1,0
BRDA:79,9,0,0
BRDA:79,9,1,0
BRF:17
BRH:0
end_of_record
TN:
SF:Resources\Pages\AcademicInformation.js
FN:8,GPA
FN:24,Terms
FN:32,(anonymous_2)
FN:43,Grades
FN:48,(anonymous_4)
FN:58,MyProgress
FN:89,AcademicInformationPage
FNF:7
FNH:0
FNDA:0,GPA
FNDA:0,Terms
FNDA:0,(anonymous_2)
FNDA:0,Grades
FNDA:0,(anonymous_4)
FNDA:0,MyProgress
FNDA:0,AcademicInformationPage
DA:10,0
DA:26,0
DA:33,0
DA:45,0
DA:49,0
DA:60,0
DA:91,0
LF:7
LH:0
BRF:0
BRH:0
end_of_record
TN:
SF:Resources\Pages\AddEventPage.js
FN:6,AddEventPage
FN:17,showDatePicker
FN:21,showTimePicker
FN:25,showEndTimePicker
FN:29,onDateSelected
FN:34,onStartTimeSelected
FN:39,onEndTimeSelected
FN:60,(anonymous_7)
FN:121,(anonymous_8)
FNF:9
FNH:0
FNDA:0,AddEventPage
FNDA:0,showDatePicker
FNDA:0,showTimePicker
FNDA:0,showEndTimePicker
FNDA:0,onDateSelected
FNDA:0,onStartTimeSelected
FNDA:0,onEndTimeSelected
FNDA:0,(anonymous_7)
FNDA:0,(anonymous_8)
DA:7,0
DA:8,0
DA:9,0
DA:10,0
DA:11,0
DA:12,0
DA:13,0
DA:14,0
DA:15,0
DA:18,0
DA:22,0
DA:26,0
DA:30,0
DA:31,0
DA:35,0
DA:36,0
DA:40,0
DA:41,0
DA:44,0
DA:45,0
DA:46,0
DA:47,0
DA:60,0
DA:122,0
DA:123,0
DA:134,0
LF:26
LH:0
BRDA:64,0,0,0
BRDA:64,0,1,0
BRDA:68,1,0,0
BRDA:68,1,1,0
BRDA:75,2,0,0
BRDA:75,2,1,0
BRDA:79,3,0,0
BRDA:79,3,1,0
BRDA:86,4,0,0
BRDA:86,4,1,0
BRDA:90,5,0,0
BRDA:90,5,1,0
BRDA:97,6,0,0
BRDA:97,6,1,0
BRDA:105,7,0,0
BRDA:105,7,1,0
BRDA:113,8,0,0
BRDA:113,8,1,0
BRF:18
BRH:0
end_of_record
TN:
SF:Resources\Pages\DemoDirectory.js
FN:6,(anonymous_0)
FN:15,(anonymous_1)
FNF:2
FNH:0
FNDA:0,(anonymous_0)
FNDA:0,(anonymous_1)
DA:6,0
DA:7,0
DA:15,0
DA:16,0
DA:20,0
DA:28,0
LF:6
LH:0
BRF:0
BRH:0
end_of_record
TN:
SF:Resources\Pages\DemoPage.js
FN:5,DemoPage
FNF:1
FNH:0
FNDA:0,DemoPage
DA:6,0
DA:18,0
LF:2
LH:0
BRF:0
BRH:0
end_of_record
TN:
SF:Resources\Pages\Directory.js
FN:7,(anonymous_0)
FN:16,(anonymous_1)
FNF:2
FNH:0
FNDA:0,(anonymous_0)
FNDA:0,(anonymous_1)
DA:7,0
DA:8,0
DA:16,0
DA:17,0
DA:21,0
DA:29,0
LF:6
LH:0
BRF:0
BRH:0
end_of_record
TN:
SF:Resources\Pages\FinancialInformation.js
FN:9,ContactFinancialAidOffice
FN:19,StudentFinance
FN:34,SAPStatus
FN:53,SAPDetails
FN:75,FinancialAidCounselor
FN:85,SatisfactoryAcademicProgress
FN:98,FinancialAid
FN:107,TaxInformation
FN:123,BankingInformation
FN:139,AcademicInformationPage
FNF:10
FNH:0
FNDA:0,ContactFinancialAidOffice
FNDA:0,StudentFinance
FNDA:0,SAPStatus
FNDA:0,SAPDetails
FNDA:0,FinancialAidCounselor
FNDA:0,SatisfactoryAcademicProgress
FNDA:0,FinancialAid
FNDA:0,TaxInformation
FNDA:0,BankingInformation
FNDA:0,AcademicInformationPage
DA:11,0
DA:21,0
DA:36,0
DA:55,0
DA:77,0
DA:87,0
DA:100,0
DA:109,0
DA:125,0
DA:141,0
DA:152,0
LF:11
LH:0
BRF:0
BRH:0
end_of_record
TN:
SF:Resources\Pages\Landing.js
FN:5,(anonymous_0)
FN:15,(anonymous_1)
FNF:2
FNH:0
FNDA:0,(anonymous_0)
FNDA:0,(anonymous_1)
DA:5,0
DA:7,0
DA:15,0
DA:16,0
DA:17,0
DA:18,0
DA:20,0
DA:23,0
DA:30,0
LF:9
LH:0
BRDA:16,0,0,0
BRDA:16,0,1,0
BRF:2
BRH:0
end_of_record
TN:
SF:Resources\Pages\Mail.js
FN:52,MailPage
FNF:1
FNH:0
FNDA:0,MailPage
DA:8,0
DA:54,0
DA:55,0
DA:56,0
DA:58,0
DA:59,0
DA:60,0
DA:61,0
DA:65,0
DA:84,0
LF:10
LH:0
BRDA:59,0,0,0
BRDA:59,0,1,0
BRF:2
BRH:0
end_of_record
TN:
SF:Resources\Pages\Map.js
FN:17,MarkerContent
FN:34,LoadMapData
FN:38,(anonymous_2)
FN:48,(anonymous_3)
FN:50,(anonymous_4)
FN:105,FilterButton
FN:107,(anonymous_6)
FN:111,(anonymous_7)
FN:166,(anonymous_8)
FN:183,(anonymous_9)
FN:201,(anonymous_10)
FN:210,(anonymous_11)
FN:214,(anonymous_12)
FN:219,(anonymous_13)
FN:244,RenderMap
FN:245,(anonymous_15)
FN:246,(anonymous_16)
FN:258,(anonymous_17)
FN:266,(anonymous_18)
FN:320,Map
FN:324,(anonymous_20)
FN:346,getMarkerType
FNF:22
FNH:0
FNDA:0,MarkerContent
FNDA:0,LoadMapData
FNDA:0,(anonymous_2)
FNDA:0,(anonymous_3)
FNDA:0,(anonymous_4)
FNDA:0,FilterButton
FNDA:0,(anonymous_6)
FNDA:0,(anonymous_7)
FNDA:0,(anonymous_8)
FNDA:0,(anonymous_9)
FNDA:0,(anonymous_10)
FNDA:0,(anonymous_11)
FNDA:0,(anonymous_12)
FNDA:0,(anonymous_13)
FNDA:0,RenderMap
FNDA:0,(anonymous_15)
FNDA:0,(anonymous_16)
FNDA:0,(anonymous_17)
FNDA:0,(anonymous_18)
FNDA:0,Map
FNDA:0,(anonymous_20)
FNDA:0,getMarkerType
DA:15,0
DA:18,0
DA:19,0
DA:20,0
DA:22,0
DA:36,0
DA:38,0
DA:39,0
DA:40,0
DA:42,0
DA:43,0
DA:45,0
DA:46,0
DA:48,0
DA:49,0
DA:50,0
DA:51,0
DA:52,0
DA:53,0
DA:55,0
DA:56,0
DA:59,0
DA:60,0
DA:62,0
DA:63,0
DA:65,0
DA:66,0
DA:69,0
DA:70,0
DA:73,0
DA:76,0
DA:79,0
DA:82,0
DA:83,0
DA:84,0
DA:100,0
DA:103,0
DA:106,0
DA:107,0
DA:109,0
DA:111,0
DA:113,0
DA:115,0
DA:116,0
DA:118,0
DA:119,0
DA:121,0
DA:122,0
DA:126,0
DA:128,0
DA:129,0
DA:131,0
DA:132,0
DA:134,0
DA:138,0
DA:140,0
DA:141,0
DA:143,0
DA:144,0
DA:146,0
DA:147,0
DA:151,0
DA:153,0
DA:154,0
DA:156,0
DA:157,0
DA:161,0
DA:163,0
DA:164,0
DA:166,0
DA:167,0
DA:169,0
DA:170,0
DA:173,0
DA:184,0
DA:185,0
DA:200,0
DA:201,0
DA:203,0
DA:210,0
DA:211,0
DA:213,0
DA:215,0
DA:216,0
DA:217,0
DA:219,0
DA:221,0
DA:223,0
DA:225,0
DA:234,0
DA:245,0
DA:246,0
DA:248,0
DA:250,0
DA:253,0
DA:259,0
DA:266,0
DA:270,0
DA:273,0
DA:321,0
DA:322,0
DA:324,0
DA:325,0
DA:328,0
DA:333,0
DA:347,0
DA:348,0
DA:349,0
DA:350,0
DA:351,0
DA:352,0
DA:353,0
DA:354,0
DA:355,0
DA:356,0
DA:357,0
DA:358,0
DA:359,0
DA:360,0
DA:361,0
DA:362,0
DA:363,0
DA:364,0
DA:365,0
DA:366,0
DA:367,0
DA:368,0
DA:369,0
DA:371,0
DA:372,0
DA:378,0
DA:384,0
LF:132
LH:0
BRDA:18,0,0,0
BRDA:18,0,1,0
BRDA:46,1,0,0
BRDA:46,1,1,0
BRDA:55,2,0,0
BRDA:55,2,1,0
BRDA:55,3,0,0
BRDA:55,3,1,0
BRDA:65,4,0,0
BRDA:65,4,1,0
BRDA:70,5,0,0
BRDA:70,5,1,0
BRDA:70,5,2,0
BRDA:83,6,0,0
BRDA:83,6,1,0
BRDA:113,7,0,0
BRDA:113,7,1,0
BRDA:113,7,2,0
BRDA:126,8,0,0
BRDA:126,8,1,0
BRDA:126,8,2,0
BRDA:138,9,0,0
BRDA:138,9,1,0
BRDA:138,9,2,0
BRDA:151,10,0,0
BRDA:151,10,1,0
BRDA:161,11,0,0
BRDA:161,11,1,0
BRDA:161,11,2,0
BRDA:215,12,0,0
BRDA:215,12,1,0
BRDA:236,13,0,0
BRDA:236,13,1,0
BRDA:248,14,0,0
BRDA:248,14,1,0
BRDA:248,15,0,0
BRDA:248,15,1,0
BRDA:313,16,0,0
BRDA:313,16,1,0
BRDA:348,17,0,0
BRDA:348,17,1,0
BRDA:350,18,0,0
BRDA:350,18,1,0
BRDA:352,19,0,0
BRDA:352,19,1,0
BRDA:354,20,0,0
BRDA:354,20,1,0
BRDA:356,21,0,0
BRDA:356,21,1,0
BRDA:356,22,0,0
BRDA:356,22,1,0
BRDA:358,23,0,0
BRDA:358,23,1,0
BRDA:360,24,0,0
BRDA:360,24,1,0
BRDA:362,25,0,0
BRDA:362,25,1,0
BRDA:364,26,0,0
BRDA:364,26,1,0
BRDA:366,27,0,0
BRDA:366,27,1,0
BRDA:366,28,0,0
BRDA:366,28,1,0
BRDA:368,29,0,0
BRDA:368,29,1,0
BRF:65
BRH:0
end_of_record
TN:
SF:Resources\Pages\MapMarker.js
FN:9,MapMarker
FN:13,(anonymous_1)
FN:29,(anonymous_2)
FN:32,(anonymous_3)
FN:40,MenuButton
FN:49,Overview
FN:55,(anonymous_6)
FN:56,(anonymous_7)
FN:57,(anonymous_8)
FN:65,FloorPlan
FNF:10
FNH:0
FNDA:0,MapMarker
FNDA:0,(anonymous_1)
FNDA:0,(anonymous_2)
FNDA:0,(anonymous_3)
FNDA:0,MenuButton
FNDA:0,Overview
FNDA:0,(anonymous_6)
FNDA:0,(anonymous_7)
FNDA:0,(anonymous_8)
FNDA:0,FloorPlan
DA:7,0
DA:10,0
DA:13,0
DA:14,0
DA:17,0
DA:29,0
DA:32,0
DA:41,0
DA:50,0
DA:51,0
DA:55,0
DA:56,0
DA:57,0
DA:66,0
DA:73,0
LF:15
LH:0
BRDA:56,0,0,0
BRDA:56,0,1,0
BRF:2
BRH:0
end_of_record
TN:
SF:Resources\Pages\PhoneEmailLinkDemo.js
FNF:0
FNH:0
DA:4,0
LF:1
LH:0
BRF:0
BRH:0
end_of_record
TN:
SF:Resources\Pages\ProfileOverlay.js
FN:20,ProfileInfo
FN:30,StatBar
FN:68,ProfileOverlay
FN:85,(anonymous_3)
FN:119,(anonymous_4)
FNF:5
FNH:0
FNDA:0,ProfileInfo
FNDA:0,StatBar
FNDA:0,ProfileOverlay
FNDA:0,(anonymous_3)
FNDA:0,(anonymous_4)
DA:18,0
DA:21,0
DA:31,0
DA:34,0
DA:35,0
DA:36,0
DA:37,0
DA:39,0
DA:40,0
DA:42,0
DA:45,0
DA:47,0
DA:69,0
DA:70,0
DA:71,0
DA:72,0
DA:73,0
DA:74,0
DA:75,0
DA:76,0
DA:77,0
DA:78,0
DA:79,0
DA:81,0
DA:83,0
DA:85,0
DA:86,0
DA:96,0
DA:120,0
DA:136,0
LF:30
LH:0
BRDA:30,0,0,0
BRDA:30,1,0,0
BRDA:30,2,0,0
BRDA:30,3,0,0
BRDA:31,4,0,0
BRDA:31,4,1,0
BRDA:34,5,0,0
BRDA:34,5,1,0
BRDA:34,6,0,0
BRDA:34,6,1,0
BRDA:36,7,0,0
BRDA:36,7,1,0
BRDA:45,8,0,0
BRDA:45,8,1,0
BRDA:52,9,0,0
BRDA:52,9,1,0
BRDA:81,10,0,0
BRDA:81,10,1,0
BRDA:103,11,0,0
BRDA:103,11,1,0
BRDA:113,12,0,0
BRDA:113,12,1,0
BRDA:114,13,0,0
BRDA:114,13,1,0
BRDA:114,13,2,0
BRF:25
BRH:0
end_of_record
TN:
SF:Resources\Pages\RoundedRectDemo.js
FN:5,(anonymous_0)
FNF:1
FNH:0
FNDA:0,(anonymous_0)
DA:5,0
DA:6,0
DA:43,0
LF:3
LH:0
BRF:0
BRH:0
end_of_record
TN:
SF:Resources\Pages\SafetyInfo.js
FN:8,(anonymous_0)
FNF:1
FNH:0
FNDA:0,(anonymous_0)
DA:8,0
DA:9,0
DA:81,0
LF:3
LH:0
BRF:0
BRH:0
end_of_record
TN:
SF:Resources\Profile\Profile.js
FN:38,ProfileButton
FN:41,(anonymous_1)
FNF:2
FNH:0
FNDA:0,ProfileButton
FNDA:0,(anonymous_1)
DA:9,0
DA:11,0
DA:32,0
DA:39,0
DA:41,0
LF:5
LH:0
BRF:0
BRH:0
end_of_record
TN:
SF:Resources\Profile\ProfileButton.js
FN:71,clamp
FN:80,(anonymous_1)
FN:88,(anonymous_2)
FN:95,RenderOverlay
FN:96,(anonymous_4)
FN:103,(anonymous_5)
FN:120,ProfileButton
FN:127,(anonymous_7)
FN:130,(anonymous_8)
FN:134,(anonymous_9)
FN:149,(anonymous_10)
FN:158,(anonymous_11)
FN:176,(anonymous_12)
FNF:13
FNH:0
FNDA:0,clamp
FNDA:0,(anonymous_1)
FNDA:0,(anonymous_2)
FNDA:0,RenderOverlay
FNDA:0,(anonymous_4)
FNDA:0,(anonymous_5)
FNDA:0,ProfileButton
FNDA:0,(anonymous_7)
FNDA:0,(anonymous_8)
FNDA:0,(anonymous_9)
FNDA:0,(anonymous_10)
FNDA:0,(anonymous_11)
FNDA:0,(anonymous_12)
DA:16,0
DA:17,0
DA:18,0
DA:20,0
DA:22,0
DA:73,0
DA:80,0
DA:82,0
DA:83,0
DA:84,0
DA:85,0
DA:88,0
DA:90,0
DA:91,0
DA:92,0
DA:96,0
DA:97,0
DA:103,0
DA:104,0
DA:110,0
DA:121,0
DA:123,0
DA:124,0
DA:126,0
DA:128,0
DA:131,0
DA:132,0
DA:135,0
DA:136,0
DA:137,0
DA:138,0
DA:139,0
DA:140,0
DA:141,0
DA:142,0
DA:144,0
DA:145,0
DA:146,0
DA:150,0
DA:151,0
DA:152,0
DA:153,0
DA:158,0
DA:159,0
DA:160,0
DA:161,0
DA:162,0
DA:164,0
DA:166,0
DA:176,0
DA:177,0
DA:178,0
DA:179,0
DA:185,0
LF:54
LH:0
BRDA:83,0,0,0
BRDA:83,0,1,0
BRDA:106,1,0,0
BRDA:106,1,1,0
BRDA:131,2,0,0
BRDA:131,2,1,0
BRDA:135,3,0,0
BRDA:135,3,1,0
BRDA:135,4,0,0
BRDA:135,4,1,0
BRDA:139,5,0,0
BRDA:139,5,1,0
BRDA:150,6,0,0
BRDA:150,6,1,0
BRDA:150,7,0,0
BRDA:150,7,1,0
BRDA:162,8,0,0
BRDA:162,8,1,0
BRDA:164,9,0,0
BRDA:164,9,1,0
BRDA:181,10,0,0
BRDA:181,10,1,0
BRF:22
BRH:0
end_of_record
TN:
SF:Resources\Profile\ProfileData.js
FN:11,(anonymous_0)
FN:12,(anonymous_1)
FNF:2
FNH:0
FNDA:0,(anonymous_0)
FNDA:0,(anonymous_1)
DA:3,0
DA:11,0
DA:12,0
LF:3
LH:0
BRF:0
BRH:0
end_of_record
TN:
SF:Resources\Shared\styles.js
FNF:0
FNH:0
DA:3,0
DA:4,0
DA:5,0
DA:6,0
DA:7,0
DA:8,0
DA:9,0
DA:10,0
DA:11,0
DA:12,0
DA:14,0
LF:11
LH:0
BRF:0
BRH:0
end_of_record
TN:
SF:Resources\Shared\Loading\ImageLoader.js
FN:6,(anonymous_0)
FN:10,(anonymous_1)
FN:14,(anonymous_2)
FN:22,(anonymous_3)
FN:23,(anonymous_4)
FN:28,(anonymous_5)
FNF:6
FNH:0
FNDA:0,(anonymous_0)
FNDA:0,(anonymous_1)
FNDA:0,(anonymous_2)
FNDA:0,(anonymous_3)
FNDA:0,(anonymous_4)
FNDA:0,(anonymous_5)
DA:6,0
DA:7,0
DA:10,0
DA:11,0
DA:14,0
DA:15,0
DA:16,0
DA:21,0
DA:22,0
DA:23,0
DA:28,0
DA:29,0
DA:30,0
DA:31,0
DA:35,0
DA:43,0
DA:44,0
DA:49,0
DA:55,0
DA:58,0
LF:20
LH:0
BRDA:7,0,0,0
BRDA:7,0,1,0
BRDA:15,1,0,0
BRDA:15,1,1,0
BRDA:16,2,0,0
BRDA:16,2,1,0
BRDA:18,3,0,0
BRDA:18,3,1,0
BRDA:29,4,0,0
BRDA:29,4,1,0
BRDA:30,5,0,0
BRDA:30,5,1,0
BRDA:43,6,0,0
BRDA:43,6,1,0
BRF:14
BRH:0
end_of_record
